2025-10-08 00:39:55,865 - INFO - ============================================================
2025-10-08 00:39:55,865 - INFO - CSV BATCH CLEANING STARTED
2025-10-08 00:39:55,865 - INFO - ============================================================
2025-10-08 00:39:55,865 - INFO - Script location: /Users/soms/adaptive-assessment-system/backend/scripts
2025-10-08 00:39:55,865 - INFO - Raw directory: /Users/soms/adaptive-assessment-system/backend/data/raw_sample_questions
2025-10-08 00:39:55,865 - INFO - Cleaned directory: /Users/soms/adaptive-assessment-system/backend/data/sample_questions
2025-10-08 00:39:55,865 - INFO - Log directory: /Users/soms/adaptive-assessment-system/backend/data/logs
2025-10-08 00:39:55,865 - INFO - ------------------------------------------------------------
2025-10-08 00:39:55,866 - INFO - Found 12 CSV files to process
2025-10-08 00:39:55,866 - INFO - ------------------------------------------------------------
2025-10-08 00:39:55,866 - INFO - Processing: conic_sections.csv
2025-10-08 00:39:55,870 - INFO - ✓ Cleaned conic_sections.csv: 80 questions
2025-10-08 00:39:55,870 - INFO - ✓ Saved cleaned: conic_sections_cleaned.csv
2025-10-08 00:39:55,871 - INFO -   Original moved to: processed/conic_sections_processed_20251008_003955.csv
2025-10-08 00:39:55,871 - INFO -   Questions: 80 | Tiers: C1:11, C2:33, C3:31, C4:5
2025-10-08 00:39:55,871 - INFO - ------------------------------------------------------------
2025-10-08 00:39:55,871 - INFO - Processing: statistics.csv
2025-10-08 00:39:55,872 - WARNING - Invalid answer 'measure of dispersion' in row 1, defaulting to 'a'
2025-10-08 00:39:55,872 - WARNING - Invalid answer 'maximum value - minimum value' in row 2, defaulting to 'a'
2025-10-08 00:39:55,872 - WARNING - Invalid answer 'what is the range?' in row 3, defaulting to 'a'
2025-10-08 00:39:55,872 - WARNING - Invalid tier 'C91' in row 3, defaulting to 'C2'
2025-10-08 00:39:55,872 - WARNING - Invalid answer 'mean and median' in row 4, defaulting to 'a'
2025-10-08 00:39:55,873 - WARNING - Invalid answer '_' in row 5, defaulting to 'a'
2025-10-08 00:39:55,873 - WARNING - Invalid answer '__' in row 6, defaulting to 'a'
2025-10-08 00:39:55,873 - WARNING - Invalid answer '4' in row 7, defaulting to 'a'
2025-10-08 00:39:55,873 - WARNING - Invalid tier 'C8' in row 7, defaulting to 'C2'
2025-10-08 00:39:55,873 - WARNING - Invalid answer '4' in row 8, defaulting to 'a'
2025-10-08 00:39:55,873 - WARNING - Invalid tier 'C8' in row 8, defaulting to 'C2'
2025-10-08 00:39:55,873 - WARNING - Invalid answer 'zero' in row 9, defaulting to 'a'
2025-10-08 00:39:55,873 - WARNING - Invalid answer '5' in row 10, defaulting to 'a'
2025-10-08 00:39:55,873 - WARNING - Invalid tier 'C7}' in row 10, defaulting to 'C2'
2025-10-08 00:39:55,873 - WARNING - Invalid answer 'cubed deviations' in row 11, defaulting to 'a'
2025-10-08 00:39:55,873 - WARNING - Invalid tier 'CABSOLUTE DEVIATIONS' in row 11, defaulting to 'C2'
2025-10-08 00:39:55,873 - WARNING - Invalid answer 'mean' in row 12, defaulting to 'a'
2025-10-08 00:39:55,873 - WARNING - Invalid answer '2.5' in row 13, defaulting to 'a'
2025-10-08 00:39:55,873 - WARNING - Invalid tier 'C5' in row 13, defaulting to 'C2'
2025-10-08 00:39:55,873 - WARNING - Invalid answer '12' in row 14, defaulting to 'a'
2025-10-08 00:39:55,873 - WARNING - Invalid tier 'C13' in row 14, defaulting to 'C2'
2025-10-08 00:39:55,873 - WARNING - Invalid answer '13' in row 15, defaulting to 'a'
2025-10-08 00:39:55,873 - WARNING - Invalid tier 'C10' in row 15, defaulting to 'C2'
2025-10-08 00:39:55,873 - WARNING - Invalid answer '_(xi - __)_/n' in row 16, defaulting to 'a'
2025-10-08 00:39:55,873 - WARNING - Invalid answer 'square root of variance' in row 17, defaulting to 'a'
2025-10-08 00:39:55,873 - WARNING - Invalid answer 'half' in row 18, defaulting to 'a'
2025-10-08 00:39:55,873 - WARNING - Invalid tier 'C4 TIMES' in row 18, defaulting to 'C2'
2025-10-08 00:39:55,873 - WARNING - Invalid answer 'becomes 5 times' in row 19, defaulting to 'a'
2025-10-08 00:39:55,873 - WARNING - Invalid tier 'CREMAINS UNCHANGED' in row 19, defaulting to 'C2'
2025-10-08 00:39:55,873 - WARNING - Invalid answer '_fi(xi - __)_/n' in row 20, defaulting to 'a'
2025-10-08 00:39:55,873 - WARNING - Invalid tier 'C_FI|XI - __|/N' in row 20, defaulting to 'C2'
2025-10-08 00:39:55,873 - WARNING - Invalid answer '_fi(xi - __)_/n' in row 21, defaulting to 'a'
2025-10-08 00:39:55,873 - WARNING - Invalid answer 'a/h' in row 22, defaulting to 'a'
2025-10-08 00:39:55,873 - WARNING - Invalid tier 'CAÁHÁ_' in row 22, defaulting to 'C2'
2025-10-08 00:39:55,873 - WARNING - Invalid answer '_x_ = h__y_' in row 23, defaulting to 'a'
2025-10-08 00:39:55,873 - WARNING - Invalid answer 'frequencies' in row 24, defaulting to 'a'
2025-10-08 00:39:55,873 - WARNING - Invalid tier 'CMID-POINTS OF CLASSES' in row 24, defaulting to 'C2'
2025-10-08 00:39:55,873 - WARNING - Invalid answer 'just greater than or equal to n/2' in row 25, defaulting to 'a'
2025-10-08 00:39:55,873 - WARNING - Invalid answer '40' in row 26, defaulting to 'a'
2025-10-08 00:39:55,873 - WARNING - Invalid tier 'C20' in row 26, defaulting to 'C2'
2025-10-08 00:39:55,873 - WARNING - Invalid answer 'range' in row 27, defaulting to 'a'
2025-10-08 00:39:55,873 - WARNING - Invalid answer '(_/__) _ 100' in row 28, defaulting to 'a'
2025-10-08 00:39:55,873 - WARNING - Invalid answer 'y' in row 29, defaulting to 'a'
2025-10-08 00:39:55,873 - WARNING - Invalid tier 'CTHEN X + Y EQUALS:' in row 29, defaulting to 'C2'
2025-10-08 00:39:55,873 - WARNING - Invalid answer '_xi_/n - (_xi/n)_' in row 30, defaulting to 'a'
2025-10-08 00:39:55,873 - WARNING - Invalid answer 'positive or zero' in row 31, defaulting to 'a'
2025-10-08 00:39:55,873 - WARNING - Invalid answer 'equal to mean' in row 32, defaulting to 'a'
2025-10-08 00:39:55,873 - WARNING - Invalid tier 'C0' in row 32, defaulting to 'C2'
2025-10-08 00:39:55,873 - WARNING - Invalid answer '24' in row 33, defaulting to 'a'
2025-10-08 00:39:55,873 - WARNING - Invalid tier 'C32 WITH FI = 3' in row 33, defaulting to 'C2'
2025-10-08 00:39:55,873 - WARNING - Invalid answer '(n_ - 1)/12' in row 34, defaulting to 'a'
2025-10-08 00:39:55,873 - WARNING - Invalid answer '8.65' in row 35, defaulting to 'a'
2025-10-08 00:39:55,873 - WARNING - Invalid answer 'always less than standard deviation' in row 36, defaulting to 'a'
2025-10-08 00:39:55,873 - WARNING - Invalid answer 'mean deviation' in row 37, defaulting to 'a'
2025-10-08 00:39:55,874 - WARNING - Invalid tier 'CVARIANCE' in row 37, defaulting to 'C2'
2025-10-08 00:39:55,874 - WARNING - Invalid answer 'cannot be determined' in row 38, defaulting to 'a'
2025-10-08 00:39:55,874 - WARNING - Invalid tier 'CINCREASES BY 10' in row 38, defaulting to 'C2'
2025-10-08 00:39:55,874 - WARNING - Invalid answer 'square of data unit' in row 39, defaulting to 'a'
2025-10-08 00:39:55,874 - WARNING - Invalid answer 'same as data unit' in row 40, defaulting to 'a'
2025-10-08 00:39:55,874 - WARNING - Invalid answer 'median only' in row 41, defaulting to 'a'
2025-10-08 00:39:55,874 - WARNING - Invalid tier 'CMODE ONLY' in row 41, defaulting to 'C2'
2025-10-08 00:39:55,874 - WARNING - Invalid answer 'any value' in row 42, defaulting to 'a'
2025-10-08 00:39:55,874 - WARNING - Invalid tier 'CMIDDLE VALUE OR CLOSE TO IT' in row 42, defaulting to 'C2'
2025-10-08 00:39:55,874 - WARNING - Invalid answer '28' in row 43, defaulting to 'a'
2025-10-08 00:39:55,874 - WARNING - Invalid tier 'C30 WITH FI = 2' in row 43, defaulting to 'C2'
2025-10-08 00:39:55,874 - WARNING - Invalid answer 'variance' in row 44, defaulting to 'a'
2025-10-08 00:39:55,874 - WARNING - Invalid tier 'CUMULATIVE FREQUENCY' in row 44, defaulting to 'C2'
2025-10-08 00:39:55,874 - WARNING - Invalid answer 'h' in row 45, defaulting to 'a'
2025-10-08 00:39:55,874 - WARNING - Invalid answer 'less than about mean' in row 46, defaulting to 'a'
2025-10-08 00:39:55,874 - WARNING - Invalid answer 'a and b have same range' in row 47, defaulting to 'a'
2025-10-08 00:39:55,874 - WARNING - Invalid tier 'CA AND B MAY HAVE DIFFERENT DISPERSIONS' in row 47, defaulting to 'C2'
2025-10-08 00:39:55,874 - WARNING - Invalid answer 'dispersion' in row 48, defaulting to 'a'
2025-10-08 00:39:55,874 - WARNING - Invalid answer '55' in row 49, defaulting to 'a'
2025-10-08 00:39:55,874 - WARNING - Invalid tier 'C63' in row 49, defaulting to 'C2'
2025-10-08 00:39:55,874 - WARNING - Invalid answer 'it can be algebraically treated' in row 50, defaulting to 'a'
2025-10-08 00:39:55,874 - WARNING - Invalid answer '2.5' in row 51, defaulting to 'a'
2025-10-08 00:39:55,874 - WARNING - Invalid tier 'C5' in row 51, defaulting to 'C2'
2025-10-08 00:39:55,874 - WARNING - Invalid answer 'the first mid-point is:' in row 52, defaulting to 'a'
2025-10-08 00:39:55,874 - WARNING - Invalid tier 'C0' in row 52, defaulting to 'C2'
2025-10-08 00:39:55,874 - WARNING - Invalid answer 'standard deviation' in row 53, defaulting to 'a'
2025-10-08 00:39:55,874 - WARNING - Invalid tier 'CSTEP-DEVIATION' in row 53, defaulting to 'C2'
2025-10-08 00:39:55,874 - WARNING - Invalid answer 'ax2' in row 54, defaulting to 'a'
2025-10-08 00:39:55,874 - WARNING - Invalid tier 'C...' in row 54, defaulting to 'C2'
2025-10-08 00:39:55,874 - WARNING - Invalid answer 'mean' in row 55, defaulting to 'a'
2025-10-08 00:39:55,874 - WARNING - Invalid answer '1' in row 56, defaulting to 'a'
2025-10-08 00:39:55,874 - WARNING - Invalid tier 'C10' in row 56, defaulting to 'C2'
2025-10-08 00:39:55,874 - WARNING - Invalid answer 'same units as data' in row 57, defaulting to 'a'
2025-10-08 00:39:55,874 - WARNING - Invalid answer 'quartile deviation' in row 58, defaulting to 'a'
2025-10-08 00:39:55,874 - WARNING - Invalid answer 'cannot be determined' in row 59, defaulting to 'a'
2025-10-08 00:39:55,874 - WARNING - Invalid tier 'C0' in row 59, defaulting to 'C2'
2025-10-08 00:39:55,874 - WARNING - Invalid answer 'zero or positive' in row 60, defaulting to 'a'
2025-10-08 00:39:55,874 - WARNING - Invalid answer '6000' in row 61, defaulting to 'a'
2025-10-08 00:39:55,874 - WARNING - Invalid tier 'C280' in row 61, defaulting to 'C2'
2025-10-08 00:39:55,874 - WARNING - Invalid answer '16' in row 62, defaulting to 'a'
2025-10-08 00:39:55,874 - WARNING - Invalid tier 'C18' in row 62, defaulting to 'C2'
2025-10-08 00:39:55,874 - WARNING - Invalid answer '5' in row 63, defaulting to 'a'
2025-10-08 00:39:55,874 - WARNING - Invalid tier 'C22' in row 63, defaulting to 'C2'
2025-10-08 00:39:55,874 - WARNING - Invalid answer 'standard deviation' in row 64, defaulting to 'a'
2025-10-08 00:39:55,874 - WARNING - Invalid answer 'mid-point' in row 65, defaulting to 'a'
2025-10-08 00:39:55,874 - WARNING - Invalid tier 'CSUM OF FREQUENCIES' in row 65, defaulting to 'C2'
2025-10-08 00:39:55,874 - WARNING - Invalid answer '402' in row 66, defaulting to 'a'
2025-10-08 00:39:55,874 - WARNING - Invalid tier 'C14.18' in row 66, defaulting to 'C2'
2025-10-08 00:39:55,874 - WARNING - Invalid answer '9' in row 67, defaulting to 'a'
2025-10-08 00:39:55,874 - WARNING - Invalid tier 'C17' in row 67, defaulting to 'C2'
2025-10-08 00:39:55,874 - WARNING - Invalid answer '(n/2 - c)/f' in row 68, defaulting to 'a'
2025-10-08 00:39:55,874 - WARNING - Invalid tier 'C(N - C)/2F' in row 68, defaulting to 'C2'
2025-10-08 00:39:55,874 - WARNING - Invalid answer 'direct proportion' in row 69, defaulting to 'a'
2025-10-08 00:39:55,875 - WARNING - Invalid answer 'divide by 10' in row 70, defaulting to 'a'
2025-10-08 00:39:55,875 - WARNING - Invalid tier 'CSUBTRACT 10 FROM SUM' in row 70, defaulting to 'C2'
2025-10-08 00:39:55,875 - WARNING - Invalid answer '10' in row 71, defaulting to 'a'
2025-10-08 00:39:55,875 - WARNING - Invalid tier 'C15' in row 71, defaulting to 'C2'
2025-10-08 00:39:55,875 - WARNING - Invalid answer 'may be less or greater than variance' in row 72, defaulting to 'a'
2025-10-08 00:39:55,875 - WARNING - Invalid answer 'variance' in row 73, defaulting to 'a'
2025-10-08 00:39:55,875 - WARNING - Invalid answer 'becomes a times' in row 74, defaulting to 'a'
2025-10-08 00:39:55,875 - WARNING - Invalid tier 'CREMAINS SAME' in row 74, defaulting to 'C2'
2025-10-08 00:39:55,875 - WARNING - Invalid answer '8' in row 75, defaulting to 'a'
2025-10-08 00:39:55,875 - WARNING - Invalid tier 'C14' in row 75, defaulting to 'C2'
2025-10-08 00:39:55,875 - WARNING - Invalid answer 'original median' in row 76, defaulting to 'a'
2025-10-08 00:39:55,875 - WARNING - Invalid tier 'CORIGINAL _XI AND _XI_' in row 76, defaulting to 'C2'
2025-10-08 00:39:55,875 - WARNING - Invalid answer 'all datasets' in row 77, defaulting to 'a'
2025-10-08 00:39:55,875 - WARNING - Invalid answer '1626.01' in row 78, defaulting to 'a'
2025-10-08 00:39:55,875 - WARNING - Invalid tier 'C162601' in row 78, defaulting to 'C2'
2025-10-08 00:39:55,875 - WARNING - Invalid answer '50-60 with frequencies 6' in row 79, defaulting to 'a'
2025-10-08 00:39:55,875 - WARNING - Invalid tier 'C8' in row 79, defaulting to 'C2'
2025-10-08 00:39:55,875 - WARNING - Invalid answer '_fixi_/n - ___' in row 80, defaulting to 'a'
2025-10-08 00:39:55,875 - WARNING - Invalid answer 'mean' in row 81, defaulting to 'a'
2025-10-08 00:39:55,875 - WARNING - Invalid answer '68' in row 82, defaulting to 'a'
2025-10-08 00:39:55,875 - WARNING - Invalid tier 'C60' in row 82, defaulting to 'C2'
2025-10-08 00:39:55,875 - WARNING - Invalid answer '9' in row 83, defaulting to 'a'
2025-10-08 00:39:55,875 - WARNING - Invalid tier 'C1374' in row 83, defaulting to 'C2'
2025-10-08 00:39:55,875 - INFO - ✓ Cleaned statistics.csv: 83 questions
2025-10-08 00:39:55,876 - INFO - ✓ Saved cleaned: statistics_cleaned.csv
2025-10-08 00:39:55,876 - INFO -   Original moved to: processed/statistics_processed_20251008_003955.csv
2025-10-08 00:39:55,876 - INFO -   Questions: 83 | Tiers: C1:14, C2:60, C3:8, C4:1
2025-10-08 00:39:55,876 - INFO - ------------------------------------------------------------
2025-10-08 00:39:55,876 - INFO - Processing: limits_and_derivatives.csv
2025-10-08 00:39:55,878 - WARNING - Invalid answer 'cannot be determined' in row 11, defaulting to 'a'
2025-10-08 00:39:55,878 - WARNING - Invalid tier 'CA' in row 11, defaulting to 'C2'
2025-10-08 00:39:55,878 - WARNING - Invalid answer '1' in row 13, defaulting to 'a'
2025-10-08 00:39:55,878 - WARNING - Invalid tier 'CA' in row 13, defaulting to 'C2'
2025-10-08 00:39:55,878 - WARNING - Invalid answer '1' in row 14, defaulting to 'a'
2025-10-08 00:39:55,878 - WARNING - Invalid tier 'CA' in row 14, defaulting to 'C2'
2025-10-08 00:39:55,879 - WARNING - Invalid answer '1/b' in row 18, defaulting to 'a'
2025-10-08 00:39:55,879 - WARNING - Invalid tier 'CA' in row 18, defaulting to 'C2'
2025-10-08 00:39:55,879 - WARNING - Invalid answer '(a+1)/(1+b)' in row 20, defaulting to 'a'
2025-10-08 00:39:55,879 - WARNING - Invalid tier 'CA' in row 20, defaulting to 'C2'
2025-10-08 00:39:55,879 - WARNING - Invalid answer '2' in row 23, defaulting to 'a'
2025-10-08 00:39:55,879 - WARNING - Invalid tier 'CDOES NOT EXIST' in row 23, defaulting to 'C2'
2025-10-08 00:39:55,879 - WARNING - Invalid answer 'does not exist' in row 24, defaulting to 'a'
2025-10-08 00:39:55,879 - WARNING - Invalid tier 'C-2' in row 24, defaulting to 'C2'
2025-10-08 00:39:55,879 - WARNING - Invalid answer 'does not exist' in row 25, defaulting to 'a'
2025-10-08 00:39:55,879 - WARNING - Invalid tier 'C-1' in row 25, defaulting to 'C2'
2025-10-08 00:39:55,879 - WARNING - Invalid answer 'does not exist' in row 26, defaulting to 'a'
2025-10-08 00:39:55,879 - WARNING - Invalid tier 'C-1' in row 26, defaulting to 'C2'
2025-10-08 00:39:55,879 - WARNING - Invalid answer 'a + b = 4' in row 28, defaulting to 'a'
2025-10-08 00:39:55,879 - WARNING - Invalid tier 'CA = B' in row 28, defaulting to 'C2'
2025-10-08 00:39:55,879 - WARNING - Invalid answer '0' in row 29, defaulting to 'a'
2025-10-08 00:39:55,879 - WARNING - Invalid tier 'CA' in row 29, defaulting to 'C2'
2025-10-08 00:39:55,879 - WARNING - Invalid answer '101 f'(0)' in row 37, defaulting to 'a'
2025-10-08 00:39:55,879 - WARNING - Invalid tier 'CA' in row 37, defaulting to 'C2'
2025-10-08 00:39:55,879 - INFO - ✓ Cleaned limits_and_derivatives.csv: 85 questions
2025-10-08 00:39:55,880 - INFO - ✓ Saved cleaned: limits_and_derivatives_cleaned.csv
2025-10-08 00:39:55,880 - INFO -   Original moved to: processed/limits_and_derivatives_processed_20251008_003955.csv
2025-10-08 00:39:55,880 - INFO -   Questions: 85 | Tiers: C1:15, C2:49, C3:16, C4:5
2025-10-08 00:39:55,880 - INFO - ------------------------------------------------------------
2025-10-08 00:39:55,880 - INFO - Processing: binomial_theorem.csv
2025-10-08 00:39:55,882 - WARNING - Invalid answer '2n' in row 1, defaulting to 'a'
2025-10-08 00:39:55,882 - WARNING - Invalid tier 'C' in row 1, defaulting to 'C2'
2025-10-08 00:39:55,882 - WARNING - Invalid answer 'n' in row 3, defaulting to 'a'
2025-10-08 00:39:55,882 - WARNING - Invalid tier 'CB' in row 3, defaulting to 'C2'
2025-10-08 00:39:55,882 - WARNING - Invalid answer '2' in row 6, defaulting to 'a'
2025-10-08 00:39:55,882 - WARNING - Invalid tier 'C' in row 6, defaulting to 'C2'
2025-10-08 00:39:55,882 - WARNING - Invalid answer 'nc1' in row 9, defaulting to 'a'
2025-10-08 00:39:55,882 - WARNING - Invalid tier 'CB' in row 9, defaulting to 'C2'
2025-10-08 00:39:55,882 - WARNING - Invalid answer '24' in row 13, defaulting to 'a'
2025-10-08 00:39:55,882 - WARNING - Invalid tier 'CB' in row 13, defaulting to 'C2'
2025-10-08 00:39:55,882 - WARNING - Invalid answer '120' in row 16, defaulting to 'a'
2025-10-08 00:39:55,882 - WARNING - Invalid tier 'C' in row 16, defaulting to 'C2'
2025-10-08 00:39:55,882 - WARNING - Invalid answer 'all of these' in row 18, defaulting to 'a'
2025-10-08 00:39:55,882 - WARNING - Invalid tier 'CA' in row 18, defaulting to 'C2'
2025-10-08 00:39:55,882 - WARNING - Invalid answer 'rcn' in row 20, defaulting to 'a'
2025-10-08 00:39:55,882 - WARNING - Invalid tier 'CA' in row 20, defaulting to 'C2'
2025-10-08 00:39:55,882 - WARNING - Invalid answer '81' in row 23, defaulting to 'a'
2025-10-08 00:39:55,882 - WARNING - Invalid tier 'CA' in row 23, defaulting to 'C2'
2025-10-08 00:39:55,882 - WARNING - Invalid answer 'neither a nor b' in row 24, defaulting to 'a'
2025-10-08 00:39:55,882 - WARNING - Invalid tier 'C' in row 24, defaulting to 'C2'
2025-10-08 00:39:55,882 - WARNING - Invalid answer 'cannot be determined' in row 26, defaulting to 'a'
2025-10-08 00:39:55,882 - WARNING - Invalid tier 'CA' in row 26, defaulting to 'C2'
2025-10-08 00:39:55,882 - WARNING - Invalid answer '0' in row 28, defaulting to 'a'
2025-10-08 00:39:55,882 - WARNING - Invalid tier 'CB' in row 28, defaulting to 'C2'
2025-10-08 00:39:55,883 - WARNING - Invalid answer 'no value of n' in row 31, defaulting to 'a'
2025-10-08 00:39:55,883 - WARNING - Invalid tier 'CA' in row 31, defaulting to 'C2'
2025-10-08 00:39:55,883 - WARNING - Invalid answer '5c3/27' in row 33, defaulting to 'a'
2025-10-08 00:39:55,883 - WARNING - Invalid tier 'C' in row 33, defaulting to 'C2'
2025-10-08 00:39:55,883 - WARNING - Invalid answer 'all give same result' in row 35, defaulting to 'a'
2025-10-08 00:39:55,883 - WARNING - Invalid tier 'CA' in row 35, defaulting to 'C2'
2025-10-08 00:39:55,883 - WARNING - Invalid answer '360' in row 36, defaulting to 'a'
2025-10-08 00:39:55,883 - WARNING - Invalid tier 'C' in row 36, defaulting to 'C2'
2025-10-08 00:39:55,883 - WARNING - Invalid answer '14' in row 39, defaulting to 'a'
2025-10-08 00:39:55,883 - WARNING - Invalid tier 'C11' in row 39, defaulting to 'C2'
2025-10-08 00:39:55,883 - WARNING - Invalid answer '104050401' in row 41, defaulting to 'a'
2025-10-08 00:39:55,883 - WARNING - Invalid tier 'CA' in row 41, defaulting to 'C2'
2025-10-08 00:39:55,883 - WARNING - Invalid answer '-40x^3y^2' in row 42, defaulting to 'a'
2025-10-08 00:39:55,883 - WARNING - Invalid tier 'CD' in row 42, defaulting to 'C2'
2025-10-08 00:39:55,883 - WARNING - Invalid answer 'no such term' in row 46, defaulting to 'a'
2025-10-08 00:39:55,883 - WARNING - Invalid tier 'CD' in row 46, defaulting to 'C2'
2025-10-08 00:39:55,883 - WARNING - Invalid answer '6c3 _ (-8)' in row 49, defaulting to 'a'
2025-10-08 00:39:55,883 - WARNING - Invalid tier 'C' in row 49, defaulting to 'C2'
2025-10-08 00:39:55,883 - WARNING - Invalid answer '0.951' in row 51, defaulting to 'a'
2025-10-08 00:39:55,883 - WARNING - Invalid tier 'CA' in row 51, defaulting to 'C2'
2025-10-08 00:39:55,883 - WARNING - Invalid answer '970ã6' in row 53, defaulting to 'a'
2025-10-08 00:39:55,883 - WARNING - Invalid tier 'CD' in row 53, defaulting to 'C2'
2025-10-08 00:39:55,883 - WARNING - Invalid answer '8' in row 55, defaulting to 'a'
2025-10-08 00:39:55,883 - WARNING - Invalid tier 'CA' in row 55, defaulting to 'C2'
2025-10-08 00:39:55,883 - WARNING - Invalid answer '55' in row 57, defaulting to 'a'
2025-10-08 00:39:55,883 - WARNING - Invalid tier 'CD' in row 57, defaulting to 'C2'
2025-10-08 00:39:55,883 - WARNING - Invalid answer '888736' in row 59, defaulting to 'a'
2025-10-08 00:39:55,883 - WARNING - Invalid tier 'CA' in row 59, defaulting to 'C2'
2025-10-08 00:39:55,883 - WARNING - Invalid answer '40 _ (-x^3/8)' in row 61, defaulting to 'a'
2025-10-08 00:39:55,883 - WARNING - Invalid tier 'C' in row 61, defaulting to 'C2'
2025-10-08 00:39:55,883 - WARNING - Invalid answer '12' in row 63, defaulting to 'a'
2025-10-08 00:39:55,883 - WARNING - Invalid tier 'CB' in row 63, defaulting to 'C2'
2025-10-08 00:39:55,883 - WARNING - Invalid answer '±1' in row 65, defaulting to 'a'
2025-10-08 00:39:55,883 - WARNING - Invalid tier 'C0' in row 65, defaulting to 'C2'
2025-10-08 00:39:55,884 - WARNING - Invalid answer '11408080320' in row 70, defaulting to 'a'
2025-10-08 00:39:55,884 - WARNING - Invalid tier 'CA' in row 70, defaulting to 'C2'
2025-10-08 00:39:55,884 - WARNING - Invalid answer 'both a and c' in row 71, defaulting to 'a'
2025-10-08 00:39:55,884 - WARNING - Invalid tier 'CD' in row 71, defaulting to 'C2'
2025-10-08 00:39:55,884 - WARNING - Invalid answer '(-1)^n' in row 73, defaulting to 'a'
2025-10-08 00:39:55,884 - WARNING - Invalid tier 'CA' in row 73, defaulting to 'C2'
2025-10-08 00:39:55,884 - WARNING - Invalid answer '6' in row 75, defaulting to 'a'
2025-10-08 00:39:55,884 - WARNING - Invalid tier 'CB' in row 75, defaulting to 'C2'
2025-10-08 00:39:55,884 - WARNING - Invalid answer '35' in row 77, defaulting to 'a'
2025-10-08 00:39:55,884 - WARNING - Invalid tier 'CA' in row 77, defaulting to 'C2'
2025-10-08 00:39:55,884 - WARNING - Invalid answer 'cannot be determined' in row 80, defaulting to 'a'
2025-10-08 00:39:55,884 - WARNING - Invalid tier 'CA' in row 80, defaulting to 'C2'
2025-10-08 00:39:55,884 - INFO - ✓ Cleaned binomial_theorem.csv: 80 questions
2025-10-08 00:39:55,885 - INFO - ✓ Saved cleaned: binomial_theorem_cleaned.csv
2025-10-08 00:39:55,885 - INFO -   Original moved to: processed/binomial_theorem_processed_20251008_003955.csv
2025-10-08 00:39:55,885 - INFO -   Questions: 80 | Tiers: C1:7, C2:50, C3:19, C4:4
2025-10-08 00:39:55,885 - INFO - ------------------------------------------------------------
2025-10-08 00:39:55,885 - INFO - Processing: linear_inequalities.csv
2025-10-08 00:39:55,887 - WARNING - Invalid answer '2' in row 1, defaulting to 'a'
2025-10-08 00:39:55,887 - WARNING - Invalid answer '-4' in row 3, defaulting to 'a'
2025-10-08 00:39:55,887 - WARNING - Invalid tier 'C-5' in row 3, defaulting to 'C2'
2025-10-08 00:39:55,888 - WARNING - Invalid answer '0' in row 5, defaulting to 'a'
2025-10-08 00:39:55,888 - WARNING - Invalid tier 'C1}' in row 5, defaulting to 'C2'
2025-10-08 00:39:55,888 - WARNING - Invalid answer '(2' in row 6, defaulting to 'a'
2025-10-08 00:39:55,888 - WARNING - Invalid tier 'C°)' in row 6, defaulting to 'C2'
2025-10-08 00:39:55,888 - WARNING - Invalid answer 'x ³ 3 with closed circle at 3' in row 21, defaulting to 'a'
2025-10-08 00:39:55,888 - WARNING - Invalid tier 'CA' in row 21, defaulting to 'C2'
2025-10-08 00:39:55,888 - WARNING - Invalid answer 'x < -1 with open circle at -1' in row 22, defaulting to 'a'
2025-10-08 00:39:55,888 - WARNING - Invalid tier 'CA' in row 22, defaulting to 'C2'
2025-10-08 00:39:55,888 - WARNING - Invalid answer 'the minimum score needed in fifth exam is:' in row 26, defaulting to 'a'
2025-10-08 00:39:55,888 - WARNING - Invalid tier 'C82' in row 26, defaulting to 'C2'
2025-10-08 00:39:55,888 - WARNING - Invalid answer '(7' in row 27, defaulting to 'a'
2025-10-08 00:39:55,888 - WARNING - Invalid tier 'C9)' in row 27, defaulting to 'C2'
2025-10-08 00:39:55,888 - WARNING - Invalid answer '(6' in row 28, defaulting to 'a'
2025-10-08 00:39:55,888 - WARNING - Invalid tier 'C8)' in row 28, defaulting to 'C2'
2025-10-08 00:39:55,888 - WARNING - Invalid answer '11 cm' in row 29, defaulting to 'a'
2025-10-08 00:39:55,888 - WARNING - Invalid tier 'C9 CM' in row 29, defaulting to 'C2'
2025-10-08 00:39:55,888 - WARNING - Invalid answer '(22' in row 30, defaulting to 'a'
2025-10-08 00:39:55,888 - WARNING - Invalid tier 'C°)' in row 30, defaulting to 'C2'
2025-10-08 00:39:55,888 - WARNING - Invalid answer '[-1' in row 31, defaulting to 'a'
2025-10-08 00:39:55,888 - WARNING - Invalid tier 'C2]' in row 31, defaulting to 'C2'
2025-10-08 00:39:55,888 - WARNING - Invalid answer '[5' in row 32, defaulting to 'a'
2025-10-08 00:39:55,888 - WARNING - Invalid tier 'C11/3]' in row 32, defaulting to 'C2'
2025-10-08 00:39:55,888 - WARNING - Invalid answer '86 ² f ² 95' in row 34, defaulting to 'a'
2025-10-08 00:39:55,888 - WARNING - Invalid tier 'CA' in row 34, defaulting to 'C2'
2025-10-08 00:39:55,888 - WARNING - Invalid answer '5' in row 42, defaulting to 'a'
2025-10-08 00:39:55,888 - WARNING - Invalid tier 'C6}' in row 42, defaulting to 'C2'
2025-10-08 00:39:55,888 - WARNING - Invalid answer '[2' in row 43, defaulting to 'a'
2025-10-08 00:39:55,888 - WARNING - Invalid tier 'C3)' in row 43, defaulting to 'C2'
2025-10-08 00:39:55,888 - WARNING - Invalid answer '(0' in row 44, defaulting to 'a'
2025-10-08 00:39:55,888 - WARNING - Invalid tier 'C1)' in row 44, defaulting to 'C2'
2025-10-08 00:39:55,888 - WARNING - Invalid answer '[2' in row 45, defaulting to 'a'
2025-10-08 00:39:55,888 - WARNING - Invalid tier 'C4]' in row 45, defaulting to 'C2'
2025-10-08 00:39:55,888 - WARNING - Invalid answer '(-23' in row 46, defaulting to 'a'
2025-10-08 00:39:55,888 - WARNING - Invalid tier 'C2)' in row 46, defaulting to 'C2'
2025-10-08 00:39:55,888 - WARNING - Invalid answer '[-2' in row 47, defaulting to 'a'
2025-10-08 00:39:55,888 - WARNING - Invalid tier 'C24]' in row 47, defaulting to 'C2'
2025-10-08 00:39:55,888 - WARNING - Invalid answer '[3' in row 48, defaulting to 'a'
2025-10-08 00:39:55,888 - WARNING - Invalid tier 'C11]' in row 48, defaulting to 'C2'
2025-10-08 00:39:55,888 - WARNING - Invalid answer '(-5' in row 49, defaulting to 'a'
2025-10-08 00:39:55,888 - WARNING - Invalid tier 'C5]' in row 49, defaulting to 'C2'
2025-10-08 00:39:55,888 - WARNING - Invalid answer '(-1' in row 50, defaulting to 'a'
2025-10-08 00:39:55,888 - WARNING - Invalid tier 'C7]' in row 50, defaulting to 'C2'
2025-10-08 00:39:55,889 - WARNING - Invalid answer '(-5' in row 51, defaulting to 'a'
2025-10-08 00:39:55,889 - WARNING - Invalid tier 'C5]' in row 51, defaulting to 'C2'
2025-10-08 00:39:55,889 - WARNING - Invalid answer '[-7' in row 52, defaulting to 'a'
2025-10-08 00:39:55,889 - WARNING - Invalid tier 'C°)' in row 52, defaulting to 'C2'
2025-10-08 00:39:55,889 - WARNING - Invalid answer '25¡c to 30¡c' in row 53, defaulting to 'a'
2025-10-08 00:39:55,889 - WARNING - Invalid tier 'CA' in row 53, defaulting to 'C2'
2025-10-08 00:39:55,889 - WARNING - Invalid answer '7.2 to 12 years' in row 56, defaulting to 'a'
2025-10-08 00:39:55,889 - WARNING - Invalid tier 'CA' in row 56, defaulting to 'C2'
2025-10-08 00:39:55,889 - WARNING - Invalid answer '19' in row 60, defaulting to 'a'
2025-10-08 00:39:55,889 - WARNING - Invalid tier 'CB' in row 60, defaulting to 'C2'
2025-10-08 00:39:55,889 - WARNING - Invalid answer 'open circle at 3' in row 61, defaulting to 'a'
2025-10-08 00:39:55,889 - WARNING - Invalid tier 'CSHADING RIGHT' in row 61, defaulting to 'C2'
2025-10-08 00:39:55,889 - WARNING - Invalid answer 'closed circle at -1' in row 62, defaulting to 'a'
2025-10-08 00:39:55,889 - WARNING - Invalid tier 'CSHADING LEFT' in row 62, defaulting to 'C2'
2025-10-08 00:39:55,889 - WARNING - Invalid answer 'solution is x ³ 3' in row 63, defaulting to 'a'
2025-10-08 00:39:55,889 - WARNING - Invalid tier 'CA' in row 63, defaulting to 'C2'
2025-10-08 00:39:55,889 - WARNING - Invalid answer 'x < 1' in row 64, defaulting to 'a'
2025-10-08 00:39:55,889 - WARNING - Invalid tier 'CA' in row 64, defaulting to 'C2'
2025-10-08 00:39:55,889 - WARNING - Invalid answer '70' in row 65, defaulting to 'a'
2025-10-08 00:39:55,889 - WARNING - Invalid tier 'C75' in row 65, defaulting to 'C2'
2025-10-08 00:39:55,889 - WARNING - Invalid answer 'x < 2' in row 66, defaulting to 'a'
2025-10-08 00:39:55,889 - WARNING - Invalid tier 'CA' in row 66, defaulting to 'C2'
2025-10-08 00:39:55,889 - WARNING - Invalid answer 'zero' in row 70, defaulting to 'a'
2025-10-08 00:39:55,889 - WARNING - Invalid tier 'CB' in row 70, defaulting to 'C2'
2025-10-08 00:39:55,889 - WARNING - Invalid answer 'a ­ 0' in row 72, defaulting to 'a'
2025-10-08 00:39:55,889 - WARNING - Invalid tier 'CB ­ 0' in row 72, defaulting to 'C2'
2025-10-08 00:39:55,889 - WARNING - Invalid answer '0' in row 74, defaulting to 'a'
2025-10-08 00:39:55,889 - WARNING - Invalid tier 'C' in row 74, defaulting to 'C2'
2025-10-08 00:39:55,889 - WARNING - Invalid answer '°)' in row 77, defaulting to 'a'
2025-10-08 00:39:55,889 - WARNING - Invalid tier 'C(-°' in row 77, defaulting to 'C2'
2025-10-08 00:39:55,889 - WARNING - Invalid answer '5' in row 78, defaulting to 'a'
2025-10-08 00:39:55,889 - WARNING - Invalid tier 'C' in row 78, defaulting to 'C2'
2025-10-08 00:39:55,889 - INFO - ✓ Cleaned linear_inequalities.csv: 78 questions
2025-10-08 00:39:55,890 - INFO - ✓ Saved cleaned: linear_inequalities_cleaned.csv
2025-10-08 00:39:55,890 - INFO -   Original moved to: processed/linear_inequalities_processed_20251008_003955.csv
2025-10-08 00:39:55,890 - INFO -   Questions: 78 | Tiers: C1:15, C2:52, C3:7, C4:4
2025-10-08 00:39:55,890 - INFO - ------------------------------------------------------------
2025-10-08 00:39:55,890 - INFO - Processing: straight_lines.csv
2025-10-08 00:39:55,892 - WARNING - Invalid answer '-2/3' in row 1, defaulting to 'a'
2025-10-08 00:39:55,892 - WARNING - Invalid tier 'C2/3' in row 1, defaulting to 'C2'
2025-10-08 00:39:55,892 - WARNING - Invalid answer '-2' in row 5, defaulting to 'a'
2025-10-08 00:39:55,892 - WARNING - Invalid answer 'unrelated' in row 6, defaulting to 'a'
2025-10-08 00:39:55,892 - WARNING - Invalid tier 'CA' in row 6, defaulting to 'C2'
2025-10-08 00:39:55,892 - WARNING - Invalid answer 'undefined' in row 7, defaulting to 'a'
2025-10-08 00:39:55,892 - WARNING - Invalid tier 'CA' in row 7, defaulting to 'C2'
2025-10-08 00:39:55,892 - WARNING - Invalid answer '(1' in row 15, defaulting to 'a'
2025-10-08 00:39:55,892 - WARNING - Invalid tier 'C1)' in row 15, defaulting to 'C2'
2025-10-08 00:39:55,892 - WARNING - Invalid answer 'an equilateral triangle' in row 17, defaulting to 'a'
2025-10-08 00:39:55,892 - WARNING - Invalid tier 'CAN ISOSCELES TRIANGLE' in row 17, defaulting to 'C2'
2025-10-08 00:39:55,892 - WARNING - Invalid answer '3 units' in row 18, defaulting to 'a'
2025-10-08 00:39:55,893 - WARNING - Invalid tier 'C6 UNITS' in row 18, defaulting to 'C2'
2025-10-08 00:39:55,893 - WARNING - Invalid answer 'x - 2y + 4 = 0' in row 19, defaulting to 'a'
2025-10-08 00:39:55,893 - WARNING - Invalid tier 'CA' in row 19, defaulting to 'C2'
2025-10-08 00:39:55,893 - WARNING - Invalid answer '3x + y - 2 = 0' in row 20, defaulting to 'a'
2025-10-08 00:39:55,893 - WARNING - Invalid tier 'CX + Y - 4 = 0' in row 20, defaulting to 'C2'
2025-10-08 00:39:55,893 - WARNING - Invalid answer 'y = 2' in row 22, defaulting to 'a'
2025-10-08 00:39:55,893 - WARNING - Invalid tier 'CB' in row 22, defaulting to 'C2'
2025-10-08 00:39:55,893 - WARNING - Invalid answer 'y = 2' in row 23, defaulting to 'a'
2025-10-08 00:39:55,893 - WARNING - Invalid tier 'CA' in row 23, defaulting to 'C2'
2025-10-08 00:39:55,893 - WARNING - Invalid answer '2' in row 24, defaulting to 'a'
2025-10-08 00:39:55,893 - WARNING - Invalid tier 'CA' in row 24, defaulting to 'C2'
2025-10-08 00:39:55,893 - WARNING - Invalid answer '6 units' in row 26, defaulting to 'a'
2025-10-08 00:39:55,893 - WARNING - Invalid tier 'CA' in row 26, defaulting to 'C2'
2025-10-08 00:39:55,893 - WARNING - Invalid answer 'collinear' in row 28, defaulting to 'a'
2025-10-08 00:39:55,893 - WARNING - Invalid tier 'CVERTICES OF EQUILATERAL TRIANGLE' in row 28, defaulting to 'C2'
2025-10-08 00:39:55,893 - WARNING - Invalid answer 'x + 4y + 5 = 0' in row 29, defaulting to 'a'
2025-10-08 00:39:55,893 - WARNING - Invalid tier 'CA' in row 29, defaulting to 'C2'
2025-10-08 00:39:55,893 - WARNING - Invalid answer '3x - 4y - 18 = 0' in row 30, defaulting to 'a'
2025-10-08 00:39:55,893 - WARNING - Invalid tier 'CA' in row 30, defaulting to 'C2'
2025-10-08 00:39:55,893 - WARNING - Invalid answer '-3 or 1/3' in row 33, defaulting to 'a'
2025-10-08 00:39:55,893 - WARNING - Invalid tier 'CA' in row 33, defaulting to 'C2'
2025-10-08 00:39:55,893 - WARNING - Invalid answer '-2' in row 34, defaulting to 'a'
2025-10-08 00:39:55,893 - WARNING - Invalid tier 'CB' in row 34, defaulting to 'C2'
2025-10-08 00:39:55,893 - WARNING - Invalid answer 'x + y = 1' in row 35, defaulting to 'a'
2025-10-08 00:39:55,893 - WARNING - Invalid tier 'CA' in row 35, defaulting to 'C2'
2025-10-08 00:39:55,893 - WARNING - Invalid answer 'x + y - 9 = 0' in row 36, defaulting to 'a'
2025-10-08 00:39:55,893 - WARNING - Invalid tier 'CA' in row 36, defaulting to 'C2'
2025-10-08 00:39:55,893 - WARNING - Invalid answer '27 sq units' in row 37, defaulting to 'a'
2025-10-08 00:39:55,893 - WARNING - Invalid tier 'C54 SQ UNITS' in row 37, defaulting to 'C2'
2025-10-08 00:39:55,893 - WARNING - Invalid answer 'the points are:' in row 38, defaulting to 'a'
2025-10-08 00:39:55,893 - WARNING - Invalid tier 'COLLINEAR' in row 38, defaulting to 'C2'
2025-10-08 00:39:55,893 - WARNING - Invalid answer '±a) and (ã3a' in row 39, defaulting to 'a'
2025-10-08 00:39:55,893 - WARNING - Invalid tier 'C0)' in row 39, defaulting to 'C2'
2025-10-08 00:39:55,893 - WARNING - Invalid answer '4' in row 40, defaulting to 'a'
2025-10-08 00:39:55,893 - WARNING - Invalid tier 'C8' in row 40, defaulting to 'C2'
2025-10-08 00:39:55,893 - WARNING - Invalid answer '1:2 externally' in row 42, defaulting to 'a'
2025-10-08 00:39:55,893 - WARNING - Invalid tier 'C1:1 INTERNALLY' in row 42, defaulting to 'C2'
2025-10-08 00:39:55,893 - WARNING - Invalid answer '13 units' in row 43, defaulting to 'a'
2025-10-08 00:39:55,893 - WARNING - Invalid tier 'CA' in row 43, defaulting to 'C2'
2025-10-08 00:39:55,893 - WARNING - Invalid answer '-4)' in row 44, defaulting to 'a'
2025-10-08 00:39:55,893 - WARNING - Invalid tier 'C(4' in row 44, defaulting to 'C2'
2025-10-08 00:39:55,893 - WARNING - Invalid answer '1/6 or 6' in row 45, defaulting to 'a'
2025-10-08 00:39:55,893 - WARNING - Invalid tier 'C' in row 45, defaulting to 'C2'
2025-10-08 00:39:55,893 - WARNING - Invalid answer 'sin((_+_)/2)' in row 46, defaulting to 'a'
2025-10-08 00:39:55,893 - WARNING - Invalid tier 'COS((_+_)/2)' in row 46, defaulting to 'C2'
2025-10-08 00:39:55,893 - WARNING - Invalid answer 'x - 2y + 3 = 0' in row 49, defaulting to 'a'
2025-10-08 00:39:55,894 - WARNING - Invalid tier 'CA' in row 49, defaulting to 'C2'
2025-10-08 00:39:55,894 - WARNING - Invalid answer '2x + y - 4 = 0' in row 50, defaulting to 'a'
2025-10-08 00:39:55,894 - WARNING - Invalid tier 'CA' in row 50, defaulting to 'C2'
2025-10-08 00:39:55,894 - WARNING - Invalid answer '4)' in row 51, defaulting to 'a'
2025-10-08 00:39:55,894 - WARNING - Invalid tier 'C(1' in row 51, defaulting to 'C2'
2025-10-08 00:39:55,894 - WARNING - Invalid answer '3' in row 52, defaulting to 'a'
2025-10-08 00:39:55,894 - WARNING - Invalid tier 'CA' in row 52, defaulting to 'C2'
2025-10-08 00:39:55,894 - WARNING - Invalid answer 'p_ + q_ = k_' in row 53, defaulting to 'a'
2025-10-08 00:39:55,894 - WARNING - Invalid tier 'CA' in row 53, defaulting to 'C2'
2025-10-08 00:39:55,894 - WARNING - Invalid answer 'x + 3y = 11' in row 54, defaulting to 'a'
2025-10-08 00:39:55,894 - WARNING - Invalid tier 'C3X - Y = 3' in row 54, defaulting to 'C2'
2025-10-08 00:39:55,894 - WARNING - Invalid answer '0' in row 56, defaulting to 'a'
2025-10-08 00:39:55,894 - WARNING - Invalid tier 'CUNDEFINED' in row 56, defaulting to 'C2'
2025-10-08 00:39:55,894 - WARNING - Invalid answer '0' in row 57, defaulting to 'a'
2025-10-08 00:39:55,894 - WARNING - Invalid tier 'CUNDEFINED' in row 57, defaulting to 'C2'
2025-10-08 00:39:55,894 - WARNING - Invalid answer '(0' in row 58, defaulting to 'a'
2025-10-08 00:39:55,894 - WARNING - Invalid tier 'C3)' in row 58, defaulting to 'C2'
2025-10-08 00:39:55,894 - WARNING - Invalid answer '2' in row 59, defaulting to 'a'
2025-10-08 00:39:55,894 - WARNING - Invalid tier 'C-2' in row 59, defaulting to 'C2'
2025-10-08 00:39:55,894 - WARNING - Invalid answer '(3' in row 60, defaulting to 'a'
2025-10-08 00:39:55,894 - WARNING - Invalid tier 'C3) AND (-3' in row 60, defaulting to 'C2'
2025-10-08 00:39:55,894 - WARNING - Invalid answer '60¡' in row 61, defaulting to 'a'
2025-10-08 00:39:55,894 - WARNING - Invalid tier 'C120¡' in row 61, defaulting to 'C2'
2025-10-08 00:39:55,894 - WARNING - Invalid answer '3 and 6' in row 62, defaulting to 'a'
2025-10-08 00:39:55,894 - WARNING - Invalid tier 'CA' in row 62, defaulting to 'C2'
2025-10-08 00:39:55,894 - WARNING - Invalid answer '2). equation of median through r(4' in row 63, defaulting to 'a'
2025-10-08 00:39:55,894 - WARNING - Invalid tier 'C5) IS:' in row 63, defaulting to 'C2'
2025-10-08 00:39:55,894 - WARNING - Invalid answer 'x - 5y + 28 = 0' in row 64, defaulting to 'a'
2025-10-08 00:39:55,894 - WARNING - Invalid tier 'C5X + Y + 10 = 0' in row 64, defaulting to 'C2'
2025-10-08 00:39:55,894 - WARNING - Invalid answer '3x - y = 3' in row 65, defaulting to 'a'
2025-10-08 00:39:55,894 - WARNING - Invalid tier 'CX + 3Y = 3' in row 65, defaulting to 'C2'
2025-10-08 00:39:55,894 - WARNING - Invalid answer 'y + ã3x - 2 = 0' in row 66, defaulting to 'a'
2025-10-08 00:39:55,894 - WARNING - Invalid tier 'CA' in row 66, defaulting to 'C2'
2025-10-08 00:39:55,894 - WARNING - Invalid answer '9x - 2y + 36 = 0' in row 67, defaulting to 'a'
2025-10-08 00:39:55,894 - WARNING - Invalid tier 'CA' in row 67, defaulting to 'C2'
2025-10-08 00:39:55,894 - WARNING - Invalid answer 'l = 0.002c + 125' in row 68, defaulting to 'a'
2025-10-08 00:39:55,894 - WARNING - Invalid tier 'CA' in row 68, defaulting to 'C2'
2025-10-08 00:39:55,894 - WARNING - Invalid answer '1360 liters' in row 69, defaulting to 'a'
2025-10-08 00:39:55,894 - WARNING - Invalid tier 'CA' in row 69, defaulting to 'C2'
2025-10-08 00:39:55,894 - WARNING - Invalid answer 'x/a + y/b = 1/2' in row 70, defaulting to 'a'
2025-10-08 00:39:55,894 - WARNING - Invalid tier 'CA' in row 70, defaulting to 'C2'
2025-10-08 00:39:55,894 - WARNING - Invalid answer 'x/h + 2y/k = 1' in row 71, defaulting to 'a'
2025-10-08 00:39:55,894 - WARNING - Invalid tier 'CA' in row 71, defaulting to 'C2'
2025-10-08 00:39:55,894 - WARNING - Invalid answer 'y = -7x' in row 72, defaulting to 'a'
2025-10-08 00:39:55,894 - WARNING - Invalid tier 'CSLOPE = -7' in row 72, defaulting to 'C2'
2025-10-08 00:39:55,894 - WARNING - Invalid answer '5/12 units' in row 76, defaulting to 'a'
2025-10-08 00:39:55,894 - WARNING - Invalid tier 'CA' in row 76, defaulting to 'C2'
2025-10-08 00:39:55,895 - WARNING - Invalid answer '0) and (-3' in row 77, defaulting to 'a'
2025-10-08 00:39:55,895 - WARNING - Invalid tier 'C0)' in row 77, defaulting to 'C2'
2025-10-08 00:39:55,895 - WARNING - Invalid answer '-18/7' in row 80, defaulting to 'a'
2025-10-08 00:39:55,895 - WARNING - Invalid tier 'C-7/18' in row 80, defaulting to 'C2'
2025-10-08 00:39:55,895 - WARNING - Invalid answer '5' in row 81, defaulting to 'a'
2025-10-08 00:39:55,895 - INFO - ✓ Cleaned straight_lines.csv: 81 questions
2025-10-08 00:39:55,895 - INFO - ✓ Saved cleaned: straight_lines_cleaned.csv
2025-10-08 00:39:55,895 - INFO -   Original moved to: processed/straight_lines_processed_20251008_003955.csv
2025-10-08 00:39:55,895 - INFO -   Questions: 81 | Tiers: C1:12, C2:64, C3:4, C4:1
2025-10-08 00:39:55,895 - INFO - ------------------------------------------------------------
2025-10-08 00:39:55,895 - INFO - Processing: relations_and_functions.csv
2025-10-08 00:39:55,897 - WARNING - Invalid answer 'x = 1 and y = 3' in row 1, defaulting to 'a'
2025-10-08 00:39:55,897 - WARNING - Invalid tier 'CX = 3 AND Y = 2' in row 1, defaulting to 'C2'
2025-10-08 00:39:55,897 - WARNING - Invalid answer '9' in row 2, defaulting to 'a'
2025-10-08 00:39:55,897 - WARNING - Invalid tier 'C12' in row 2, defaulting to 'C2'
2025-10-08 00:39:55,897 - WARNING - Invalid answer '6' in row 3, defaulting to 'a'
2025-10-08 00:39:55,898 - WARNING - Invalid tier 'C8' in row 3, defaulting to 'C2'
2025-10-08 00:39:55,898 - WARNING - Invalid answer 'n)' in row 4, defaulting to 'a'
2025-10-08 00:39:55,898 - WARNING - Invalid tier 'C(N' in row 4, defaulting to 'C2'
2025-10-08 00:39:55,898 - WARNING - Invalid answer 'cannot be determined' in row 5, defaulting to 'a'
2025-10-08 00:39:55,898 - WARNING - Invalid tier 'CDEPENDS ON THE SETS' in row 5, defaulting to 'C2'
2025-10-08 00:39:55,898 - WARNING - Invalid answer '3)' in row 6, defaulting to 'a'
2025-10-08 00:39:55,898 - WARNING - Invalid tier 'C(1' in row 6, defaulting to 'C2'
2025-10-08 00:39:55,898 - WARNING - Invalid answer 'a set with 4 elements' in row 7, defaulting to 'a'
2025-10-08 00:39:55,898 - WARNING - Invalid tier 'CA SET WITH 8 ELEMENTS' in row 7, defaulting to 'C2'
2025-10-08 00:39:55,898 - WARNING - Invalid answer 'x)' in row 8, defaulting to 'a'
2025-10-08 00:39:55,898 - WARNING - Invalid tier 'C(B' in row 8, defaulting to 'C2'
2025-10-08 00:39:55,898 - WARNING - Invalid answer '4}' in row 9, defaulting to 'a'
2025-10-08 00:39:55,898 - WARNING - Invalid tier 'C = {5' in row 9, defaulting to 'C2'
2025-10-08 00:39:55,898 - WARNING - Invalid answer '12' in row 10, defaulting to 'a'
2025-10-08 00:39:55,898 - WARNING - Invalid tier 'C16' in row 10, defaulting to 'C2'
2025-10-08 00:39:55,898 - WARNING - Invalid answer '(z' in row 11, defaulting to 'a'
2025-10-08 00:39:55,898 - WARNING - Invalid tier 'C1) ARE IN A _ B WHERE X' in row 11, defaulting to 'C2'
2025-10-08 00:39:55,898 - WARNING - Invalid answer '0}' in row 12, defaulting to 'a'
2025-10-08 00:39:55,898 - WARNING - Invalid tier 'C{-1' in row 12, defaulting to 'C2'
2025-10-08 00:39:55,898 - WARNING - Invalid answer 'y): 3x - y = 0' in row 13, defaulting to 'a'
2025-10-08 00:39:55,898 - WARNING - Invalid tier 'CWHERE X' in row 13, defaulting to 'C2'
2025-10-08 00:39:55,898 - WARNING - Invalid answer '{1' in row 14, defaulting to 'a'
2025-10-08 00:39:55,898 - WARNING - Invalid answer '9}' in row 15, defaulting to 'a'
2025-10-08 00:39:55,898 - WARNING - Invalid tier 'CAND R = {(X' in row 15, defaulting to 'C2'
2025-10-08 00:39:55,898 - WARNING - Invalid answer 'b): a' in row 16, defaulting to 'a'
2025-10-08 00:39:55,898 - WARNING - Invalid tier 'CB _ A' in row 16, defaulting to 'C2'
2025-10-08 00:39:55,898 - WARNING - Invalid answer '4' in row 17, defaulting to 'a'
2025-10-08 00:39:55,898 - WARNING - Invalid tier 'C5}}?' in row 17, defaulting to 'C2'
2025-10-08 00:39:55,898 - WARNING - Invalid answer '4' in row 18, defaulting to 'a'
2025-10-08 00:39:55,898 - WARNING - Invalid tier 'C5}}?' in row 18, defaulting to 'C2'
2025-10-08 00:39:55,898 - WARNING - Invalid answer '27)' in row 19, defaulting to 'a'
2025-10-08 00:39:55,898 - WARNING - Invalid tier 'C(5' in row 19, defaulting to 'C2'
2025-10-08 00:39:55,898 - WARNING - Invalid answer '6' in row 20, defaulting to 'a'
2025-10-08 00:39:55,898 - WARNING - Invalid tier 'C8' in row 20, defaulting to 'C2'
2025-10-08 00:39:55,898 - WARNING - Invalid answer 'z' in row 21, defaulting to 'a'
2025-10-08 00:39:55,898 - WARNING - Invalid tier 'CN' in row 21, defaulting to 'C2'
2025-10-08 00:39:55,898 - WARNING - Invalid answer '2)} or r_ = {(2' in row 22, defaulting to 'a'
2025-10-08 00:39:55,898 - WARNING - Invalid tier 'C2)' in row 22, defaulting to 'C2'
2025-10-08 00:39:55,898 - WARNING - Invalid answer '4)' in row 23, defaulting to 'a'
2025-10-08 00:39:55,898 - WARNING - Invalid tier 'C(4' in row 23, defaulting to 'C2'
2025-10-08 00:39:55,898 - WARNING - Invalid answer '2' in row 24, defaulting to 'a'
2025-10-08 00:39:55,898 - WARNING - Invalid tier 'C-5' in row 24, defaulting to 'C2'
2025-10-08 00:39:55,898 - WARNING - Invalid answer '-19' in row 25, defaulting to 'a'
2025-10-08 00:39:55,898 - WARNING - Invalid tier 'C9' in row 25, defaulting to 'C2'
2025-10-08 00:39:55,899 - WARNING - Invalid answer '11' in row 26, defaulting to 'a'
2025-10-08 00:39:55,899 - WARNING - Invalid tier 'C-11' in row 26, defaulting to 'C2'
2025-10-08 00:39:55,899 - WARNING - Invalid answer '9' in row 27, defaulting to 'a'
2025-10-08 00:39:55,899 - WARNING - Invalid tier 'C32' in row 27, defaulting to 'C2'
2025-10-08 00:39:55,899 - WARNING - Invalid answer '60.4' in row 28, defaulting to 'a'
2025-10-08 00:39:55,899 - WARNING - Invalid tier 'C82.4' in row 28, defaulting to 'C2'
2025-10-08 00:39:55,899 - WARNING - Invalid answer '0' in row 29, defaulting to 'a'
2025-10-08 00:39:55,899 - WARNING - Invalid tier 'C100' in row 29, defaulting to 'C2'
2025-10-08 00:39:55,899 - WARNING - Invalid answer '°)' in row 30, defaulting to 'a'
2025-10-08 00:39:55,899 - WARNING - Invalid tier 'C(-°' in row 30, defaulting to 'C2'
2025-10-08 00:39:55,899 - WARNING - Invalid answer '(-°' in row 31, defaulting to 'a'
2025-10-08 00:39:55,899 - WARNING - Invalid tier 'C°)' in row 31, defaulting to 'C2'
2025-10-08 00:39:55,899 - WARNING - Invalid answer 'z' in row 32, defaulting to 'a'
2025-10-08 00:39:55,899 - WARNING - Invalid tier 'CR' in row 32, defaulting to 'C2'
2025-10-08 00:39:55,899 - WARNING - Invalid answer '{0}' in row 33, defaulting to 'a'
2025-10-08 00:39:55,899 - WARNING - Invalid tier 'CR' in row 33, defaulting to 'C2'
2025-10-08 00:39:55,899 - WARNING - Invalid answer '{0}' in row 34, defaulting to 'a'
2025-10-08 00:39:55,899 - WARNING - Invalid tier 'C{C}' in row 34, defaulting to 'C2'
2025-10-08 00:39:55,899 - WARNING - Invalid answer 'yes' in row 35, defaulting to 'a'
2025-10-08 00:39:55,899 - WARNING - Invalid answer 'no' in row 36, defaulting to 'a'
2025-10-08 00:39:55,899 - WARNING - Invalid answer 'n' in row 37, defaulting to 'a'
2025-10-08 00:39:55,899 - WARNING - Invalid tier 'CR' in row 37, defaulting to 'C2'
2025-10-08 00:39:55,899 - WARNING - Invalid answer '0]' in row 38, defaulting to 'a'
2025-10-08 00:39:55,899 - WARNING - Invalid tier 'CR' in row 38, defaulting to 'C2'
2025-10-08 00:39:55,899 - WARNING - Invalid answer 'r - {0}' in row 39, defaulting to 'a'
2025-10-08 00:39:55,899 - WARNING - Invalid answer 'r - {0}' in row 40, defaulting to 'a'
2025-10-08 00:39:55,899 - WARNING - Invalid answer '10' in row 41, defaulting to 'a'
2025-10-08 00:39:55,899 - WARNING - Invalid tier 'C5' in row 41, defaulting to 'C2'
2025-10-08 00:39:55,899 - WARNING - Invalid answer '°)' in row 42, defaulting to 'a'
2025-10-08 00:39:55,899 - WARNING - Invalid tier 'CR' in row 42, defaulting to 'C2'
2025-10-08 00:39:55,899 - WARNING - Invalid answer '°)' in row 43, defaulting to 'a'
2025-10-08 00:39:55,899 - WARNING - Invalid tier 'CR - {0}' in row 43, defaulting to 'C2'
2025-10-08 00:39:55,899 - WARNING - Invalid answer 'undefined' in row 44, defaulting to 'a'
2025-10-08 00:39:55,899 - WARNING - Invalid tier 'C0' in row 44, defaulting to 'C2'
2025-10-08 00:39:55,899 - WARNING - Invalid answer '5' in row 45, defaulting to 'a'
2025-10-08 00:39:55,899 - WARNING - Invalid answer '-3' in row 46, defaulting to 'a'
2025-10-08 00:39:55,899 - WARNING - Invalid tier 'C-1' in row 46, defaulting to 'C2'
2025-10-08 00:39:55,899 - WARNING - Invalid answer '{-1' in row 47, defaulting to 'a'
2025-10-08 00:39:55,899 - WARNING - Invalid tier 'C1}' in row 47, defaulting to 'C2'
2025-10-08 00:39:55,899 - WARNING - Invalid answer '0' in row 48, defaulting to 'a'
2025-10-08 00:39:55,900 - WARNING - Invalid answer '0' in row 49, defaulting to 'a'
2025-10-08 00:39:55,900 - WARNING - Invalid tier 'C_2' in row 49, defaulting to 'C2'
2025-10-08 00:39:55,900 - WARNING - Invalid answer 'x_ + 2x' in row 50, defaulting to 'a'
2025-10-08 00:39:55,900 - WARNING - Invalid tier 'CX_ + 2X + 1' in row 50, defaulting to 'C2'
2025-10-08 00:39:55,900 - WARNING - Invalid answer 'x_ + 2x + 1' in row 51, defaulting to 'a'
2025-10-08 00:39:55,900 - WARNING - Invalid tier 'CX_ - 2X - 1' in row 51, defaulting to 'C2'
2025-10-08 00:39:55,900 - WARNING - Invalid answer 'x_ + x' in row 52, defaulting to 'a'
2025-10-08 00:39:55,900 - WARNING - Invalid tier 'C2X_ + X_' in row 52, defaulting to 'C2'
2025-10-08 00:39:55,900 - WARNING - Invalid answer 'r - {1}' in row 53, defaulting to 'a'
2025-10-08 00:39:55,900 - WARNING - Invalid tier 'CR - {-1/2}' in row 53, defaulting to 'C2'
2025-10-08 00:39:55,900 - WARNING - Invalid answer 'x' in row 54, defaulting to 'a'
2025-10-08 00:39:55,900 - WARNING - Invalid tier 'CÃX + X' in row 54, defaulting to 'C2'
2025-10-08 00:39:55,900 - WARNING - Invalid answer 'ãx' in row 55, defaulting to 'a'
2025-10-08 00:39:55,900 - WARNING - Invalid tier 'CXÃX' in row 55, defaulting to 'C2'
2025-10-08 00:39:55,900 - WARNING - Invalid answer 'points in 2d space' in row 56, defaulting to 'a'
2025-10-08 00:39:55,900 - WARNING - Invalid answer 'points in 3d space' in row 57, defaulting to 'a'
2025-10-08 00:39:55,900 - WARNING - Invalid answer 'y = 3' in row 58, defaulting to 'a'
2025-10-08 00:39:55,900 - WARNING - Invalid tier 'CX = 3' in row 58, defaulting to 'C2'
2025-10-08 00:39:55,900 - WARNING - Invalid answer 'q^p' in row 59, defaulting to 'a'
2025-10-08 00:39:55,900 - WARNING - Invalid tier 'CPQ' in row 59, defaulting to 'C2'
2025-10-08 00:39:55,900 - WARNING - Invalid answer 'no' in row 60, defaulting to 'a'
2025-10-08 00:39:55,900 - WARNING - Invalid answer '_' in row 61, defaulting to 'a'
2025-10-08 00:39:55,900 - WARNING - Invalid answer 'a _ b' in row 62, defaulting to 'a'
2025-10-08 00:39:55,900 - WARNING - Invalid tier 'CA _ B' in row 62, defaulting to 'C2'
2025-10-08 00:39:55,900 - WARNING - Invalid answer '2^(pq)' in row 63, defaulting to 'a'
2025-10-08 00:39:55,900 - WARNING - Invalid answer 'a _ b' in row 64, defaulting to 'a'
2025-10-08 00:39:55,900 - WARNING - Invalid tier 'CA' in row 64, defaulting to 'C2'
2025-10-08 00:39:55,901 - WARNING - Invalid answer 'range of f' in row 65, defaulting to 'a'
2025-10-08 00:39:55,901 - WARNING - Invalid tier 'CB' in row 65, defaulting to 'C2'
2025-10-08 00:39:55,901 - WARNING - Invalid answer 'many elements in domain can map to one element in codomain' in row 66, defaulting to 'a'
2025-10-08 00:39:55,901 - WARNING - Invalid answer '[0' in row 67, defaulting to 'a'
2025-10-08 00:39:55,901 - WARNING - Invalid tier 'C3]' in row 67, defaulting to 'C2'
2025-10-08 00:39:55,901 - WARNING - Invalid answer '(-°' in row 68, defaulting to 'a'
2025-10-08 00:39:55,901 - WARNING - Invalid tier 'C0]' in row 68, defaulting to 'C2'
2025-10-08 00:39:55,901 - WARNING - Invalid answer 'r' in row 69, defaulting to 'a'
2025-10-08 00:39:55,901 - WARNING - Invalid tier 'C{0}' in row 69, defaulting to 'C2'
2025-10-08 00:39:55,901 - WARNING - Invalid answer 'q' in row 70, defaulting to 'a'
2025-10-08 00:39:55,901 - WARNING - Invalid tier 'CR' in row 70, defaulting to 'C2'
2025-10-08 00:39:55,901 - WARNING - Invalid answer '1' in row 71, defaulting to 'a'
2025-10-08 00:39:55,901 - WARNING - Invalid tier 'C10' in row 71, defaulting to 'C2'
2025-10-08 00:39:55,901 - WARNING - Invalid answer 'f(x) = mx + c' in row 72, defaulting to 'a'
2025-10-08 00:39:55,901 - WARNING - Invalid answer '12}' in row 73, defaulting to 'a'
2025-10-08 00:39:55,901 - WARNING - Invalid tier 'CR' in row 73, defaulting to 'C2'
2025-10-08 00:39:55,901 - WARNING - Invalid answer '(-°' in row 74, defaulting to 'a'
2025-10-08 00:39:55,901 - WARNING - Invalid tier 'C1]' in row 74, defaulting to 'C2'
2025-10-08 00:39:55,901 - WARNING - Invalid answer '[1' in row 75, defaulting to 'a'
2025-10-08 00:39:55,901 - WARNING - Invalid tier 'C°)' in row 75, defaulting to 'C2'
2025-10-08 00:39:55,901 - WARNING - Invalid answer '1]' in row 76, defaulting to 'a'
2025-10-08 00:39:55,901 - WARNING - Invalid tier 'CR - {1}' in row 76, defaulting to 'C2'
2025-10-08 00:39:55,901 - WARNING - Invalid answer '(-°' in row 77, defaulting to 'a'
2025-10-08 00:39:55,901 - WARNING - Invalid tier 'C0]' in row 77, defaulting to 'C2'
2025-10-08 00:39:55,901 - WARNING - Invalid answer 'a = 2' in row 78, defaulting to 'a'
2025-10-08 00:39:55,901 - WARNING - Invalid tier 'CB = -1' in row 78, defaulting to 'C2'
2025-10-08 00:39:55,901 - WARNING - Invalid answer '1)' in row 79, defaulting to 'a'
2025-10-08 00:39:55,901 - WARNING - Invalid tier 'C(4' in row 79, defaulting to 'C2'
2025-10-08 00:39:55,901 - WARNING - Invalid answer 'no' in row 80, defaulting to 'a'
2025-10-08 00:39:55,901 - WARNING - Invalid tier 'CYES' in row 80, defaulting to 'C2'
2025-10-08 00:39:55,901 - WARNING - Invalid answer '[0' in row 81, defaulting to 'a'
2025-10-08 00:39:55,901 - WARNING - Invalid tier 'C1]' in row 81, defaulting to 'C2'
2025-10-08 00:39:55,901 - WARNING - Invalid answer 'cannot be determined' in row 82, defaulting to 'a'
2025-10-08 00:39:55,901 - WARNING - Invalid tier 'C(X + 1)/(2X - 3)' in row 82, defaulting to 'C2'
2025-10-08 00:39:55,901 - INFO - ✓ Cleaned relations_and_functions.csv: 82 questions
2025-10-08 00:39:55,902 - INFO - ✓ Saved cleaned: relations_and_functions_cleaned.csv
2025-10-08 00:39:55,902 - INFO -   Original moved to: processed/relations_and_functions_processed_20251008_003955.csv
2025-10-08 00:39:55,902 - INFO -   Questions: 82 | Tiers: C1:8, C2:73, C3:1
2025-10-08 00:39:55,902 - INFO - ------------------------------------------------------------
2025-10-08 00:39:55,902 - INFO - Processing: permutations_and_combinations.csv
2025-10-08 00:39:55,904 - WARNING - Invalid answer '60' in row 1, defaulting to 'a'
2025-10-08 00:39:55,904 - WARNING - Invalid tier 'C125' in row 1, defaulting to 'C2'
2025-10-08 00:39:55,904 - WARNING - Invalid answer '60' in row 2, defaulting to 'a'
2025-10-08 00:39:55,904 - WARNING - Invalid tier 'C125' in row 2, defaulting to 'C2'
2025-10-08 00:39:55,904 - WARNING - Invalid answer '6 if digits can be repeated?' in row 3, defaulting to 'a'
2025-10-08 00:39:55,904 - WARNING - Invalid tier 'C108' in row 3, defaulting to 'C2'
2025-10-08 00:39:55,904 - WARNING - Invalid answer '25' in row 7, defaulting to 'a'
2025-10-08 00:39:55,904 - WARNING - Invalid tier 'C30' in row 7, defaulting to 'C2'
2025-10-08 00:39:55,904 - WARNING - Invalid answer '36' in row 12, defaulting to 'a'
2025-10-08 00:39:55,904 - WARNING - Invalid tier 'C' in row 12, defaulting to 'C2'
2025-10-08 00:39:55,904 - WARNING - Invalid answer '15' in row 13, defaulting to 'a'
2025-10-08 00:39:55,904 - WARNING - Invalid tier 'CA' in row 13, defaulting to 'C2'
2025-10-08 00:39:55,904 - WARNING - Invalid answer '30240' in row 14, defaulting to 'a'
2025-10-08 00:39:55,904 - WARNING - Invalid tier 'CA' in row 14, defaulting to 'C2'
2025-10-08 00:39:55,904 - WARNING - Invalid answer '7 if no digit is repeated?' in row 17, defaulting to 'a'
2025-10-08 00:39:55,904 - WARNING - Invalid tier 'C52' in row 17, defaulting to 'C2'
2025-10-08 00:39:55,904 - WARNING - Invalid answer '120 total with 48 even' in row 18, defaulting to 'a'
2025-10-08 00:39:55,904 - WARNING - Invalid tier 'C120 TOTAL WITH 24 EVEN' in row 18, defaulting to 'C2'
2025-10-08 00:39:55,904 - WARNING - Invalid answer '132' in row 19, defaulting to 'a'
2025-10-08 00:39:55,904 - WARNING - Invalid tier 'CA' in row 19, defaulting to 'C2'
2025-10-08 00:39:55,904 - WARNING - Invalid answer '10080' in row 23, defaulting to 'a'
2025-10-08 00:39:55,904 - WARNING - Invalid tier 'CA' in row 23, defaulting to 'C2'
2025-10-08 00:39:55,904 - WARNING - Invalid answer '36' in row 31, defaulting to 'a'
2025-10-08 00:39:55,904 - WARNING - Invalid tier 'CA' in row 31, defaulting to 'C2'
2025-10-08 00:39:55,905 - WARNING - Invalid answer '2000' in row 36, defaulting to 'a'
2025-10-08 00:39:55,905 - WARNING - Invalid tier 'C' in row 36, defaulting to 'C2'
2025-10-08 00:39:55,905 - WARNING - Invalid answer 'no relation' in row 43, defaulting to 'a'
2025-10-08 00:39:55,905 - WARNING - Invalid tier 'CA' in row 43, defaulting to 'C2'
2025-10-08 00:39:55,905 - WARNING - Invalid answer '5 if repetition is not allowed?' in row 48, defaulting to 'a'
2025-10-08 00:39:55,905 - WARNING - Invalid tier 'C100' in row 48, defaulting to 'C2'
2025-10-08 00:39:55,905 - WARNING - Invalid answer '8' in row 49, defaulting to 'a'
2025-10-08 00:39:55,905 - WARNING - Invalid tier 'C' in row 49, defaulting to 'C2'
2025-10-08 00:39:55,905 - WARNING - Invalid answer '11' in row 50, defaulting to 'a'
2025-10-08 00:39:55,905 - WARNING - Invalid tier 'CA' in row 50, defaulting to 'C2'
2025-10-08 00:39:55,905 - WARNING - Invalid answer 'neither 3 nor 8' in row 51, defaulting to 'a'
2025-10-08 00:39:55,905 - WARNING - Invalid tier 'C' in row 51, defaulting to 'C2'
2025-10-08 00:39:55,905 - WARNING - Invalid answer '181440' in row 54, defaulting to 'a'
2025-10-08 00:39:55,905 - WARNING - Invalid tier 'CA' in row 54, defaulting to 'C2'
2025-10-08 00:39:55,905 - WARNING - Invalid answer '2' in row 64, defaulting to 'a'
2025-10-08 00:39:55,905 - WARNING - Invalid tier 'C4?' in row 64, defaulting to 'C2'
2025-10-08 00:39:55,905 - WARNING - Invalid answer 'nagaa' in row 65, defaulting to 'a'
2025-10-08 00:39:55,905 - WARNING - Invalid tier 'CA' in row 65, defaulting to 'C2'
2025-10-08 00:39:55,905 - WARNING - Invalid answer '3628800' in row 72, defaulting to 'a'
2025-10-08 00:39:55,905 - WARNING - Invalid tier 'CA' in row 72, defaulting to 'C2'
2025-10-08 00:39:55,905 - WARNING - Invalid answer '9 with no repetition?' in row 73, defaulting to 'a'
2025-10-08 00:39:55,905 - WARNING - Invalid tier 'C120' in row 73, defaulting to 'C2'
2025-10-08 00:39:55,905 - WARNING - Invalid answer '525' in row 75, defaulting to 'a'
2025-10-08 00:39:55,905 - WARNING - Invalid tier 'CD' in row 75, defaulting to 'C2'
2025-10-08 00:39:55,905 - WARNING - Invalid answer '1847560' in row 78, defaulting to 'a'
2025-10-08 00:39:55,905 - WARNING - Invalid tier 'CB' in row 78, defaulting to 'C2'
2025-10-08 00:39:55,905 - INFO - ✓ Cleaned permutations_and_combinations.csv: 85 questions
2025-10-08 00:39:55,906 - INFO - ✓ Saved cleaned: permutations_and_combinations_cleaned.csv
2025-10-08 00:39:55,906 - INFO -   Original moved to: processed/permutations_and_combinations_processed_20251008_003955.csv
2025-10-08 00:39:55,906 - INFO -   Questions: 85 | Tiers: C1:10, C2:40, C3:31, C4:4
2025-10-08 00:39:55,906 - INFO - ------------------------------------------------------------
2025-10-08 00:39:55,906 - INFO - Processing: trigonometric_functions.csv
2025-10-08 00:39:55,908 - WARNING - Invalid answer '5¹/3 cm' in row 11, defaulting to 'a'
2025-10-08 00:39:55,908 - WARNING - Invalid tier 'CA' in row 11, defaulting to 'C2'
2025-10-08 00:39:55,908 - WARNING - Invalid answer '3:4' in row 12, defaulting to 'a'
2025-10-08 00:39:55,908 - WARNING - Invalid tier 'C4:3' in row 12, defaulting to 'C2'
2025-10-08 00:39:55,908 - WARNING - Invalid answer '1/2' in row 14, defaulting to 'a'
2025-10-08 00:39:55,908 - WARNING - Invalid tier 'CA' in row 14, defaulting to 'C2'
2025-10-08 00:39:55,908 - WARNING - Invalid answer '3/5' in row 15, defaulting to 'a'
2025-10-08 00:39:55,908 - WARNING - Invalid tier 'CA' in row 15, defaulting to 'C2'
2025-10-08 00:39:55,908 - WARNING - Invalid answer '5/4' in row 16, defaulting to 'a'
2025-10-08 00:39:55,908 - WARNING - Invalid tier 'CA' in row 16, defaulting to 'C2'
2025-10-08 00:39:55,908 - WARNING - Invalid answer '5/13' in row 17, defaulting to 'a'
2025-10-08 00:39:55,908 - WARNING - Invalid tier 'CA' in row 17, defaulting to 'C2'
2025-10-08 00:39:55,908 - WARNING - Invalid answer '-12/13' in row 18, defaulting to 'a'
2025-10-08 00:39:55,908 - WARNING - Invalid tier 'CA' in row 18, defaulting to 'C2'
2025-10-08 00:39:55,908 - WARNING - Invalid answer '1/ã10' in row 26, defaulting to 'a'
2025-10-08 00:39:55,908 - WARNING - Invalid tier 'C-1/Ã10' in row 26, defaulting to 'C2'
2025-10-08 00:39:55,908 - WARNING - Invalid answer '(ã2-1)/2' in row 31, defaulting to 'a'
2025-10-08 00:39:55,908 - WARNING - Invalid tier 'CA' in row 31, defaulting to 'C2'
2025-10-08 00:39:55,908 - WARNING - Invalid answer '3 or 1/3' in row 52, defaulting to 'a'
2025-10-08 00:39:55,908 - WARNING - Invalid tier 'CA' in row 52, defaulting to 'C2'
2025-10-08 00:39:55,908 - WARNING - Invalid answer '56/65' in row 81, defaulting to 'a'
2025-10-08 00:39:55,908 - WARNING - Invalid tier 'C-16/65' in row 81, defaulting to 'C2'
2025-10-08 00:39:55,908 - INFO - ✓ Cleaned trigonometric_functions.csv: 81 questions
2025-10-08 00:39:55,909 - INFO - ✓ Saved cleaned: trigonometric_functions_cleaned.csv
2025-10-08 00:39:55,909 - INFO -   Original moved to: processed/trigonometric_functions_processed_20251008_003955.csv
2025-10-08 00:39:55,909 - INFO -   Questions: 81 | Tiers: C1:12, C2:41, C3:25, C4:3
2025-10-08 00:39:55,909 - INFO - ------------------------------------------------------------
2025-10-08 00:39:55,909 - INFO - Processing: sets.csv
2025-10-08 00:39:55,911 - WARNING - Invalid answer 'the collection of vowels in english alphabet' in row 1, defaulting to 'a'
2025-10-08 00:39:55,911 - WARNING - Invalid answer '_' in row 2, defaulting to 'a'
2025-10-08 00:39:55,911 - WARNING - Invalid answer 'a is not in a' in row 3, defaulting to 'a'
2025-10-08 00:39:55,911 - WARNING - Invalid tier 'CA IS AN ELEMENT OF A' in row 3, defaulting to 'C2'
2025-10-08 00:39:55,911 - WARNING - Invalid answer '_' in row 4, defaulting to 'a'
2025-10-08 00:39:55,911 - WARNING - Invalid answer '7}' in row 5, defaulting to 'a'
2025-10-08 00:39:55,911 - WARNING - Invalid tier 'C{1' in row 5, defaulting to 'C2'
2025-10-08 00:39:55,911 - WARNING - Invalid answer 'school' in row 6, defaulting to 'a'
2025-10-08 00:39:55,911 - WARNING - Invalid tier 'CSCHOLAR' in row 6, defaulting to 'C2'
2025-10-08 00:39:55,911 - WARNING - Invalid answer 'then:' in row 7, defaulting to 'a'
2025-10-08 00:39:55,911 - WARNING - Invalid tier 'CA ­ B' in row 7, defaulting to 'C2'
2025-10-08 00:39:55,911 - WARNING - Invalid answer 'n' in row 8, defaulting to 'a'
2025-10-08 00:39:55,911 - WARNING - Invalid answer 'z' in row 9, defaulting to 'a'
2025-10-08 00:39:55,911 - WARNING - Invalid answer '{x : x _ n and x < 1}' in row 10, defaulting to 'a'
2025-10-08 00:39:55,911 - WARNING - Invalid answer '3' in row 11, defaulting to 'a'
2025-10-08 00:39:55,911 - WARNING - Invalid answer '6}' in row 12, defaulting to 'a'
2025-10-08 00:39:55,911 - WARNING - Invalid tier 'C{ALL EVEN NUMBERS}' in row 12, defaulting to 'C2'
2025-10-08 00:39:55,911 - WARNING - Invalid answer 'a equals 5' in row 13, defaulting to 'a'
2025-10-08 00:39:55,911 - WARNING - Invalid tier 'CA HAS 5 ELEMENTS' in row 13, defaulting to 'C2'
2025-10-08 00:39:55,911 - WARNING - Invalid answer 'has a definite number of elements or is empty' in row 14, defaulting to 'a'
2025-10-08 00:39:55,911 - WARNING - Invalid answer 'r' in row 15, defaulting to 'a'
2025-10-08 00:39:55,911 - WARNING - Invalid answer 'a _ b but a ­ b' in row 16, defaulting to 'a'
2025-10-08 00:39:55,911 - WARNING - Invalid tier 'CA = B' in row 16, defaulting to 'C2'
2025-10-08 00:39:55,911 - WARNING - Invalid answer '2' in row 17, defaulting to 'a'
2025-10-08 00:39:55,911 - WARNING - Invalid answer '{x : a < x ² b}' in row 18, defaulting to 'a'
2025-10-08 00:39:55,911 - WARNING - Invalid tier 'C{X : A < X < B}' in row 18, defaulting to 'C2'
2025-10-08 00:39:55,911 - WARNING - Invalid answer '{x : a < x ² b}' in row 19, defaulting to 'a'
2025-10-08 00:39:55,911 - WARNING - Invalid tier 'C{X : A ² X ² B}' in row 19, defaulting to 'C2'
2025-10-08 00:39:55,911 - WARNING - Invalid answer 'a _ b = _' in row 20, defaulting to 'a'
2025-10-08 00:39:55,911 - WARNING - Invalid tier 'CA _ B' in row 20, defaulting to 'C2'
2025-10-08 00:39:55,911 - WARNING - Invalid answer 'is a subset of' in row 21, defaulting to 'a'
2025-10-08 00:39:55,911 - WARNING - Invalid answer 'complement' in row 22, defaulting to 'a'
2025-10-08 00:39:55,911 - WARNING - Invalid tier 'CPROPER SUBSET' in row 22, defaulting to 'C2'
2025-10-08 00:39:55,911 - WARNING - Invalid answer 'empty set _' in row 23, defaulting to 'a'
2025-10-08 00:39:55,911 - WARNING - Invalid answer '6} and b = {2' in row 24, defaulting to 'a'
2025-10-08 00:39:55,911 - WARNING - Invalid answer '8' in row 25, defaulting to 'a'
2025-10-08 00:39:55,911 - WARNING - Invalid tier 'C9' in row 25, defaulting to 'C2'
2025-10-08 00:39:55,911 - WARNING - Invalid answer 'exactly one element' in row 26, defaulting to 'a'
2025-10-08 00:39:55,911 - WARNING - Invalid answer '_ _ a' in row 27, defaulting to 'a'
2025-10-08 00:39:55,911 - WARNING - Invalid answer 'rational numbers' in row 28, defaulting to 'a'
2025-10-08 00:39:55,911 - WARNING - Invalid answer 'u' in row 29, defaulting to 'a'
2025-10-08 00:39:55,911 - WARNING - Invalid answer 'all elements in a or b or both' in row 30, defaulting to 'a'
2025-10-08 00:39:55,911 - WARNING - Invalid tier 'CALL ELEMENTS IN A OR B OR BOTH' in row 30, defaulting to 'C2'
2025-10-08 00:39:55,911 - WARNING - Invalid answer 'then a _ b equals:' in row 31, defaulting to 'a'
2025-10-08 00:39:55,911 - WARNING - Invalid tier 'C{3}' in row 31, defaulting to 'C2'
2025-10-08 00:39:55,911 - WARNING - Invalid answer 'union' in row 32, defaulting to 'a'
2025-10-08 00:39:55,911 - WARNING - Invalid answer 'then a _ b equals:' in row 33, defaulting to 'a'
2025-10-08 00:39:55,911 - WARNING - Invalid tier 'C{2' in row 33, defaulting to 'C2'
2025-10-08 00:39:55,911 - WARNING - Invalid answer 'intersection' in row 34, defaulting to 'a'
2025-10-08 00:39:55,912 - WARNING - Invalid answer 'universal sets' in row 35, defaulting to 'a'
2025-10-08 00:39:55,912 - WARNING - Invalid tier 'CDISJOINT SETS' in row 35, defaulting to 'C2'
2025-10-08 00:39:55,912 - WARNING - Invalid answer '5' in row 36, defaulting to 'a'
2025-10-08 00:39:55,912 - WARNING - Invalid tier 'C6' in row 36, defaulting to 'C2'
2025-10-08 00:39:55,912 - WARNING - Invalid answer 'cannot be determined' in row 37, defaulting to 'a'
2025-10-08 00:39:55,912 - WARNING - Invalid tier 'CA' in row 37, defaulting to 'C2'
2025-10-08 00:39:55,912 - WARNING - Invalid answer 'a'' in row 38, defaulting to 'a'
2025-10-08 00:39:55,912 - WARNING - Invalid tier 'C_' in row 38, defaulting to 'C2'
2025-10-08 00:39:55,912 - WARNING - Invalid answer 'empty set' in row 39, defaulting to 'a'
2025-10-08 00:39:55,912 - WARNING - Invalid tier 'CELEMENTS IN U BUT NOT IN A' in row 39, defaulting to 'C2'
2025-10-08 00:39:55,912 - WARNING - Invalid answer 'u' in row 40, defaulting to 'a'
2025-10-08 00:39:55,912 - WARNING - Invalid tier 'CU' in row 40, defaulting to 'C2'
2025-10-08 00:39:55,912 - WARNING - Invalid answer '_' in row 41, defaulting to 'a'
2025-10-08 00:39:55,912 - WARNING - Invalid tier 'C_' in row 41, defaulting to 'C2'
2025-10-08 00:39:55,912 - WARNING - Invalid answer 'de morgan's law' in row 42, defaulting to 'a'
2025-10-08 00:39:55,912 - WARNING - Invalid answer '_' in row 43, defaulting to 'a'
2025-10-08 00:39:55,912 - WARNING - Invalid tier 'CA' in row 43, defaulting to 'C2'
2025-10-08 00:39:55,912 - WARNING - Invalid answer 'a and b are disjoint' in row 44, defaulting to 'a'
2025-10-08 00:39:55,912 - WARNING - Invalid tier 'CA _ B' in row 44, defaulting to 'C2'
2025-10-08 00:39:55,912 - WARNING - Invalid answer 'b = _' in row 45, defaulting to 'a'
2025-10-08 00:39:55,912 - WARNING - Invalid tier 'CA _ B' in row 45, defaulting to 'C2'
2025-10-08 00:39:55,912 - WARNING - Invalid answer 'a _ b = b _ a' in row 46, defaulting to 'a'
2025-10-08 00:39:55,912 - WARNING - Invalid answer '(a _ b) _ c = a _ (b _ c)' in row 47, defaulting to 'a'
2025-10-08 00:39:55,912 - WARNING - Invalid answer '_3}' in row 48, defaulting to 'a'
2025-10-08 00:39:55,912 - WARNING - Invalid tier 'C{6}' in row 48, defaulting to 'C2'
2025-10-08 00:39:55,912 - WARNING - Invalid answer '8' in row 49, defaulting to 'a'
2025-10-08 00:39:55,912 - WARNING - Invalid answer 'p/q' in row 50, defaulting to 'a'
2025-10-08 00:39:55,912 - WARNING - Invalid tier 'CPQ' in row 50, defaulting to 'C2'
2025-10-08 00:39:55,912 - WARNING - Invalid answer 'a _ b only' in row 51, defaulting to 'a'
2025-10-08 00:39:55,912 - WARNING - Invalid tier 'CB _ A ONLY' in row 51, defaulting to 'C2'
2025-10-08 00:39:55,912 - WARNING - Invalid answer '{x : _3 < x ² 5}' in row 52, defaulting to 'a'
2025-10-08 00:39:55,912 - WARNING - Invalid tier 'C{X : _3 ² X < 5}' in row 52, defaulting to 'C2'
2025-10-08 00:39:55,912 - WARNING - Invalid answer '5' in row 53, defaulting to 'a'
2025-10-08 00:39:55,912 - WARNING - Invalid tier 'C7}' in row 53, defaulting to 'C2'
2025-10-08 00:39:55,912 - WARNING - Invalid answer 't' in row 54, defaulting to 'a'
2025-10-08 00:39:55,912 - WARNING - Invalid answer 'natural numbers are subset of integers which are subset of rationals' in row 55, defaulting to 'a'
2025-10-08 00:39:55,912 - WARNING - Invalid answer '3' in row 56, defaulting to 'a'
2025-10-08 00:39:55,912 - WARNING - Invalid tier 'C5}' in row 56, defaulting to 'C2'
2025-10-08 00:39:55,912 - WARNING - Invalid answer '{x : x _ a or x _ b}' in row 57, defaulting to 'a'
2025-10-08 00:39:55,912 - WARNING - Invalid tier 'C{X : X _ A AND X _ B}' in row 57, defaulting to 'C2'
2025-10-08 00:39:55,912 - WARNING - Invalid answer '(a _ b) _ (a _ c)' in row 58, defaulting to 'a'
2025-10-08 00:39:55,912 - WARNING - Invalid tier 'C}' in row 59, defaulting to 'C2'
2025-10-08 00:39:55,912 - WARNING - Invalid answer '2' in row 60, defaulting to 'a'
2025-10-08 00:39:55,912 - WARNING - Invalid tier 'C5' in row 60, defaulting to 'C2'
2025-10-08 00:39:55,912 - WARNING - Invalid answer '[a' in row 61, defaulting to 'a'
2025-10-08 00:39:55,912 - WARNING - Invalid tier 'CB)' in row 61, defaulting to 'C2'
2025-10-08 00:39:55,912 - WARNING - Invalid answer 'then which is correct?' in row 62, defaulting to 'a'
2025-10-08 00:39:55,912 - WARNING - Invalid tier 'C{3' in row 62, defaulting to 'C2'
2025-10-08 00:39:55,912 - WARNING - Invalid answer 'u' in row 63, defaulting to 'a'
2025-10-08 00:39:55,912 - WARNING - Invalid tier 'CA' in row 63, defaulting to 'C2'
2025-10-08 00:39:55,912 - WARNING - Invalid answer 'a'' in row 64, defaulting to 'a'
2025-10-08 00:39:55,912 - WARNING - Invalid tier 'CA' in row 64, defaulting to 'C2'
2025-10-08 00:39:55,912 - WARNING - Invalid answer 'not defined' in row 65, defaulting to 'a'
2025-10-08 00:39:55,913 - WARNING - Invalid tier 'CU' in row 65, defaulting to 'C2'
2025-10-08 00:39:55,913 - WARNING - Invalid answer 'not defined' in row 66, defaulting to 'a'
2025-10-08 00:39:55,913 - WARNING - Invalid tier 'C_' in row 66, defaulting to 'C2'
2025-10-08 00:39:55,913 - WARNING - Invalid answer '{3' in row 67, defaulting to 'a'
2025-10-08 00:39:55,913 - WARNING - Invalid tier 'C9}' in row 67, defaulting to 'C2'
2025-10-08 00:39:55,913 - WARNING - Invalid answer 'a _ b = b _ a' in row 68, defaulting to 'a'
2025-10-08 00:39:55,913 - WARNING - Invalid answer '5' in row 69, defaulting to 'a'
2025-10-08 00:39:55,913 - WARNING - Invalid tier 'C7}' in row 69, defaulting to 'C2'
2025-10-08 00:39:55,913 - WARNING - Invalid answer '2_' in row 70, defaulting to 'a'
2025-10-08 00:39:55,913 - WARNING - Invalid answer '9' in row 71, defaulting to 'a'
2025-10-08 00:39:55,913 - WARNING - Invalid tier 'C8' in row 71, defaulting to 'C2'
2025-10-08 00:39:55,913 - WARNING - Invalid answer '{1' in row 72, defaulting to 'a'
2025-10-08 00:39:55,913 - WARNING - Invalid tier 'C2}' in row 72, defaulting to 'C2'
2025-10-08 00:39:55,913 - WARNING - Invalid answer '_' in row 73, defaulting to 'a'
2025-10-08 00:39:55,913 - WARNING - Invalid tier 'C_' in row 73, defaulting to 'C2'
2025-10-08 00:39:55,913 - WARNING - Invalid answer 'a _ b' in row 74, defaulting to 'a'
2025-10-08 00:39:55,913 - WARNING - Invalid tier 'CB' in row 74, defaulting to 'C2'
2025-10-08 00:39:55,913 - WARNING - Invalid answer 'a _ b' in row 75, defaulting to 'a'
2025-10-08 00:39:55,913 - WARNING - Invalid tier 'CA' in row 75, defaulting to 'C2'
2025-10-08 00:39:55,913 - WARNING - Invalid answer 'a' _ b'' in row 76, defaulting to 'a'
2025-10-08 00:39:55,913 - WARNING - Invalid answer 'a _ b = _' in row 77, defaulting to 'a'
2025-10-08 00:39:55,913 - WARNING - Invalid tier 'CA _ B AND B _ A' in row 77, defaulting to 'C2'
2025-10-08 00:39:55,913 - WARNING - Invalid answer '_i}' in row 78, defaulting to 'a'
2025-10-08 00:39:55,913 - WARNING - Invalid tier 'C_' in row 78, defaulting to 'C2'
2025-10-08 00:39:55,913 - WARNING - Invalid answer 'a and b are disjoint' in row 79, defaulting to 'a'
2025-10-08 00:39:55,913 - WARNING - Invalid tier 'CA _ B' in row 79, defaulting to 'C2'
2025-10-08 00:39:55,913 - WARNING - Invalid answer 'irrational numbers' in row 80, defaulting to 'a'
2025-10-08 00:39:55,913 - WARNING - Invalid answer 'a and b are disjoint' in row 81, defaulting to 'a'
2025-10-08 00:39:55,913 - WARNING - Invalid tier 'CA = B' in row 81, defaulting to 'C2'
2025-10-08 00:39:55,913 - WARNING - Invalid answer '(a _ b) _ c' in row 82, defaulting to 'a'
2025-10-08 00:39:55,913 - WARNING - Invalid tier 'CA _ (B _ C)' in row 82, defaulting to 'C2'
2025-10-08 00:39:55,913 - INFO - ✓ Cleaned sets.csv: 82 questions
2025-10-08 00:39:55,914 - INFO - ✓ Saved cleaned: sets_cleaned.csv
2025-10-08 00:39:55,914 - INFO -   Original moved to: processed/sets_processed_20251008_003955.csv
2025-10-08 00:39:55,914 - INFO -   Questions: 82 | Tiers: C1:14, C2:64, C3:2, C4:2
2025-10-08 00:39:55,914 - INFO - ------------------------------------------------------------
2025-10-08 00:39:55,914 - INFO - Processing: probability.csv
2025-10-08 00:39:55,915 - WARNING - Invalid answer 'cannot be determined' in row 1, defaulting to 'a'
2025-10-08 00:39:55,915 - WARNING - Invalid tier 'CONLY IF THE DIE IS FAIR' in row 1, defaulting to 'C2'
2025-10-08 00:39:55,915 - WARNING - Invalid answer '5' in row 2, defaulting to 'a'
2025-10-08 00:39:55,915 - WARNING - Invalid tier 'C6}' in row 2, defaulting to 'C2'
2025-10-08 00:39:55,915 - WARNING - Invalid answer '5' in row 3, defaulting to 'a'
2025-10-08 00:39:55,915 - WARNING - Invalid tier 'C6}' in row 3, defaulting to 'C2'
2025-10-08 00:39:55,915 - WARNING - Invalid answer '{1' in row 4, defaulting to 'a'
2025-10-08 00:39:55,916 - WARNING - Invalid answer '{6}' in row 5, defaulting to 'a'
2025-10-08 00:39:55,916 - WARNING - Invalid tier 'C{5' in row 5, defaulting to 'C2'
2025-10-08 00:39:55,916 - WARNING - Invalid answer '5' in row 6, defaulting to 'a'
2025-10-08 00:39:55,916 - WARNING - Invalid tier 'C6}' in row 6, defaulting to 'C2'
2025-10-08 00:39:55,916 - WARNING - Invalid answer '5' in row 7, defaulting to 'a'
2025-10-08 00:39:55,916 - WARNING - Invalid tier 'C6} AND B = _?' in row 7, defaulting to 'C2'
2025-10-08 00:39:55,916 - WARNING - Invalid answer '5/6' in row 9, defaulting to 'a'
2025-10-08 00:39:55,916 - WARNING - Invalid tier 'CB' in row 9, defaulting to 'C2'
2025-10-08 00:39:55,916 - WARNING - Invalid answer '5/6' in row 10, defaulting to 'a'
2025-10-08 00:39:55,916 - WARNING - Invalid tier 'CB' in row 10, defaulting to 'C2'
2025-10-08 00:39:55,916 - WARNING - Invalid answer '1/2' in row 11, defaulting to 'a'
2025-10-08 00:39:55,916 - WARNING - Invalid tier 'CB' in row 11, defaulting to 'C2'
2025-10-08 00:39:55,916 - WARNING - Invalid answer 'cannot be determined' in row 12, defaulting to 'a'
2025-10-08 00:39:55,916 - WARNING - Invalid tier 'C' in row 12, defaulting to 'C2'
2025-10-08 00:39:55,916 - WARNING - Invalid answer '2/3' in row 13, defaulting to 'a'
2025-10-08 00:39:55,916 - WARNING - Invalid tier 'CB' in row 13, defaulting to 'C2'
2025-10-08 00:39:55,916 - WARNING - Invalid answer '4/10' in row 20, defaulting to 'a'
2025-10-08 00:39:55,916 - WARNING - Invalid tier 'CA' in row 20, defaulting to 'C2'
2025-10-08 00:39:55,916 - WARNING - Invalid answer '1/11' in row 30, defaulting to 'a'
2025-10-08 00:39:55,916 - WARNING - Invalid tier 'CA' in row 30, defaulting to 'C2'
2025-10-08 00:39:55,916 - WARNING - Invalid answer '4/13' in row 31, defaulting to 'a'
2025-10-08 00:39:55,916 - WARNING - Invalid tier 'CA' in row 31, defaulting to 'C2'
2025-10-08 00:39:55,916 - WARNING - Invalid answer '8/13' in row 32, defaulting to 'a'
2025-10-08 00:39:55,916 - WARNING - Invalid tier 'CB' in row 32, defaulting to 'C2'
2025-10-08 00:39:55,916 - WARNING - Invalid answer '2/5' in row 33, defaulting to 'a'
2025-10-08 00:39:55,916 - WARNING - Invalid tier 'CA' in row 33, defaulting to 'C2'
2025-10-08 00:39:55,916 - WARNING - Invalid answer '1/2' in row 34, defaulting to 'a'
2025-10-08 00:39:55,916 - WARNING - Invalid tier 'C7/8' in row 34, defaulting to 'C2'
2025-10-08 00:39:55,916 - WARNING - Invalid answer '1/2' in row 35, defaulting to 'a'
2025-10-08 00:39:55,916 - WARNING - Invalid tier 'C1/4' in row 35, defaulting to 'C2'
2025-10-08 00:39:55,916 - WARNING - Invalid answer 'only if p(e) = p(f)' in row 36, defaulting to 'a'
2025-10-08 00:39:55,916 - WARNING - Invalid tier 'CB' in row 36, defaulting to 'C2'
2025-10-08 00:39:55,916 - WARNING - Invalid answer '0.52' in row 37, defaulting to 'a'
2025-10-08 00:39:55,916 - WARNING - Invalid tier 'C0.68' in row 37, defaulting to 'C2'
2025-10-08 00:39:55,916 - WARNING - Invalid answer '0.58' in row 38, defaulting to 'a'
2025-10-08 00:39:55,916 - WARNING - Invalid tier 'C0.48' in row 38, defaulting to 'C2'
2025-10-08 00:39:55,916 - WARNING - Invalid answer '0.64' in row 39, defaulting to 'a'
2025-10-08 00:39:55,916 - WARNING - Invalid tier 'C0.80' in row 39, defaulting to 'C2'
2025-10-08 00:39:55,916 - WARNING - Invalid answer '0.50' in row 40, defaulting to 'a'
2025-10-08 00:39:55,916 - WARNING - Invalid tier 'C0.80' in row 40, defaulting to 'C2'
2025-10-08 00:39:55,916 - WARNING - Invalid answer '0.50' in row 41, defaulting to 'a'
2025-10-08 00:39:55,916 - WARNING - Invalid tier 'C0.60' in row 41, defaulting to 'C2'
2025-10-08 00:39:55,916 - WARNING - Invalid answer '0.65' in row 42, defaulting to 'a'
2025-10-08 00:39:55,916 - WARNING - Invalid tier 'C0.55' in row 42, defaulting to 'C2'
2025-10-08 00:39:55,916 - WARNING - Invalid answer '32/60' in row 43, defaulting to 'a'
2025-10-08 00:39:55,916 - WARNING - Invalid tier 'C62/60' in row 43, defaulting to 'C2'
2025-10-08 00:39:55,916 - WARNING - Invalid answer '30/60' in row 44, defaulting to 'a'
2025-10-08 00:39:55,916 - WARNING - Invalid tier 'C8/60' in row 44, defaulting to 'C2'
2025-10-08 00:39:55,917 - WARNING - Invalid answer '24/60' in row 45, defaulting to 'a'
2025-10-08 00:39:55,917 - WARNING - Invalid tier 'C6/60' in row 45, defaulting to 'C2'
2025-10-08 00:39:55,917 - WARNING - Invalid answer 'p(__)=0.3' in row 46, defaulting to 'a'
2025-10-08 00:39:55,917 - WARNING - Invalid tier 'CP(__)=0.5' in row 46, defaulting to 'C2'
2025-10-08 00:39:55,917 - WARNING - Invalid answer 'only d' in row 47, defaulting to 'a'
2025-10-08 00:39:55,917 - WARNING - Invalid tier 'C' in row 47, defaulting to 'C2'
2025-10-08 00:39:55,917 - WARNING - Invalid answer 'no' in row 48, defaulting to 'a'
2025-10-08 00:39:55,917 - WARNING - Invalid tier 'CANNOT BE DETERMINED' in row 48, defaulting to 'C2'
2025-10-08 00:39:55,917 - WARNING - Invalid answer 'no' in row 49, defaulting to 'a'
2025-10-08 00:39:55,917 - WARNING - Invalid tier 'CANNOT BE DETERMINED' in row 49, defaulting to 'C2'
2025-10-08 00:39:55,917 - WARNING - Invalid answer '8/15' in row 50, defaulting to 'a'
2025-10-08 00:39:55,917 - WARNING - Invalid tier 'C2/5' in row 50, defaulting to 'C2'
2025-10-08 00:39:55,917 - WARNING - Invalid answer '0.40' in row 51, defaulting to 'a'
2025-10-08 00:39:55,917 - WARNING - Invalid tier 'C0.35' in row 51, defaulting to 'C2'
2025-10-08 00:39:55,917 - WARNING - Invalid answer '0.20' in row 52, defaulting to 'a'
2025-10-08 00:39:55,917 - WARNING - Invalid tier 'C0.25' in row 52, defaulting to 'C2'
2025-10-08 00:39:55,917 - WARNING - Invalid answer 'a and c' in row 54, defaulting to 'a'
2025-10-08 00:39:55,917 - WARNING - Invalid tier 'CB AND C' in row 54, defaulting to 'C2'
2025-10-08 00:39:55,917 - WARNING - Invalid tier 'C' in row 55, defaulting to 'C2'
2025-10-08 00:39:55,917 - WARNING - Invalid answer 'a and c' in row 56, defaulting to 'a'
2025-10-08 00:39:55,917 - WARNING - Invalid tier 'CONLY D' in row 56, defaulting to 'C2'
2025-10-08 00:39:55,917 - WARNING - Invalid answer 'a _ b' in row 57, defaulting to 'a'
2025-10-08 00:39:55,917 - WARNING - Invalid tier 'CA _ B' in row 57, defaulting to 'C2'
2025-10-08 00:39:55,917 - WARNING - Invalid answer 'sometimes' in row 58, defaulting to 'a'
2025-10-08 00:39:55,917 - WARNING - Invalid tier 'CONLY WHEN C OCCURS' in row 58, defaulting to 'C2'
2025-10-08 00:39:55,917 - WARNING - Invalid answer 'cannot determine' in row 59, defaulting to 'a'
2025-10-08 00:39:55,917 - WARNING - Invalid tier 'CONLY IF C OCCURS' in row 59, defaulting to 'C2'
2025-10-08 00:39:55,917 - WARNING - Invalid answer 'only exhaustive' in row 60, defaulting to 'a'
2025-10-08 00:39:55,917 - WARNING - Invalid tier 'CONLY MUTUALLY EXCLUSIVE' in row 60, defaulting to 'C2'
2025-10-08 00:39:55,917 - WARNING - Invalid answer 'sometimes' in row 61, defaulting to 'a'
2025-10-08 00:39:55,917 - WARNING - Invalid tier 'CANNOT DETERMINE' in row 61, defaulting to 'C2'
2025-10-08 00:39:55,917 - WARNING - Invalid answer 'sometimes' in row 62, defaulting to 'a'
2025-10-08 00:39:55,917 - WARNING - Invalid tier 'CB' in row 62, defaulting to 'C2'
2025-10-08 00:39:55,917 - WARNING - Invalid answer '5/60' in row 63, defaulting to 'a'
2025-10-08 00:39:55,917 - WARNING - Invalid tier 'C20/60' in row 63, defaulting to 'C2'
2025-10-08 00:39:55,917 - WARNING - Invalid answer '__c_/__c_' in row 64, defaulting to 'a'
2025-10-08 00:39:55,917 - WARNING - Invalid tier 'C1 - (__C_ _ __C_)/__C_' in row 64, defaulting to 'C2'
2025-10-08 00:39:55,917 - WARNING - Invalid answer '3/6' in row 66, defaulting to 'a'
2025-10-08 00:39:55,917 - WARNING - Invalid tier 'C2/6' in row 66, defaulting to 'C2'
2025-10-08 00:39:55,917 - WARNING - Invalid answer '2/3' in row 67, defaulting to 'a'
2025-10-08 00:39:55,917 - WARNING - Invalid tier 'C5/6' in row 67, defaulting to 'C2'
2025-10-08 00:39:55,917 - WARNING - Invalid answer '2/3' in row 68, defaulting to 'a'
2025-10-08 00:39:55,917 - WARNING - Invalid tier 'C1/2' in row 68, defaulting to 'C2'
2025-10-08 00:39:55,917 - WARNING - Invalid answer '10/10000' in row 69, defaulting to 'a'
2025-10-08 00:39:55,917 - WARNING - Invalid tier 'C1/1000' in row 69, defaulting to 'C2'
2025-10-08 00:39:55,917 - WARNING - Invalid answer '9988/10000' in row 70, defaulting to 'a'
2025-10-08 00:39:55,917 - WARNING - Invalid tier 'C1 - 10/10000' in row 70, defaulting to 'C2'
2025-10-08 00:39:55,917 - WARNING - Invalid answer 'cannot determine' in row 71, defaulting to 'a'
2025-10-08 00:39:55,917 - WARNING - Invalid tier 'CA' in row 71, defaulting to 'C2'
2025-10-08 00:39:55,918 - WARNING - Invalid answer 'none of these' in row 72, defaulting to 'a'
2025-10-08 00:39:55,918 - WARNING - Invalid tier 'C' in row 72, defaulting to 'C2'
2025-10-08 00:39:55,918 - WARNING - Invalid answer '1/__p_' in row 76, defaulting to 'a'
2025-10-08 00:39:55,918 - WARNING - Invalid tier 'C1/4!' in row 76, defaulting to 'C2'
2025-10-08 00:39:55,918 - WARNING - Invalid answer '2/5' in row 77, defaulting to 'a'
2025-10-08 00:39:55,918 - WARNING - Invalid tier 'C1/5' in row 77, defaulting to 'C2'
2025-10-08 00:39:55,918 - WARNING - Invalid answer '1/2' in row 78, defaulting to 'a'
2025-10-08 00:39:55,918 - WARNING - Invalid tier 'C1/3' in row 78, defaulting to 'C2'
2025-10-08 00:39:55,918 - WARNING - Invalid answer 'p(a)_p(b)_p(c)' in row 79, defaulting to 'a'
2025-10-08 00:39:55,918 - WARNING - Invalid tier 'CA' in row 79, defaulting to 'C2'
2025-10-08 00:39:55,918 - WARNING - Invalid answer 'what is p(a' in row 80, defaulting to 'a'
2025-10-08 00:39:55,918 - WARNING - Invalid tier 'CB' in row 80, defaulting to 'C2'
2025-10-08 00:39:55,918 - WARNING - Invalid answer '3!/_p_' in row 81, defaulting to 'a'
2025-10-08 00:39:55,918 - WARNING - Invalid tier 'C6/60' in row 81, defaulting to 'C2'
2025-10-08 00:39:55,918 - WARNING - Invalid answer 'very small' in row 82, defaulting to 'a'
2025-10-08 00:39:55,918 - WARNING - Invalid tier 'CB' in row 82, defaulting to 'C2'
2025-10-08 00:39:55,918 - WARNING - Invalid answer '(_c_)/__c_' in row 83, defaulting to 'a'
2025-10-08 00:39:55,918 - WARNING - Invalid tier 'CA' in row 83, defaulting to 'C2'
2025-10-08 00:39:55,918 - WARNING - Invalid answer 'both a and c' in row 84, defaulting to 'a'
2025-10-08 00:39:55,918 - WARNING - Invalid tier 'CD' in row 84, defaulting to 'C2'
2025-10-08 00:39:55,918 - WARNING - Invalid answer 'product of probabilities' in row 85, defaulting to 'a'
2025-10-08 00:39:55,918 - WARNING - Invalid tier 'CSUM - PRODUCT OF PAIRS' in row 85, defaulting to 'C2'
2025-10-08 00:39:55,918 - INFO - ✓ Cleaned probability.csv: 85 questions
2025-10-08 00:39:55,918 - INFO - ✓ Saved cleaned: probability_cleaned.csv
2025-10-08 00:39:55,918 - INFO -   Original moved to: processed/probability_processed_20251008_003955.csv
2025-10-08 00:39:55,918 - INFO -   Questions: 85 | Tiers: C1:5, C2:77, C3:3
2025-10-08 00:39:55,918 - INFO - ------------------------------------------------------------
2025-10-08 00:39:55,919 - INFO - Processing: sequences_and_series.csv
2025-10-08 00:39:55,920 - WARNING - Invalid answer 'what is a_?' in row 3, defaulting to 'a'
2025-10-08 00:39:55,920 - WARNING - Invalid answer '4' in row 5, defaulting to 'a'
2025-10-08 00:39:55,920 - WARNING - Invalid tier 'COPTION_C' in row 5, defaulting to 'C2'
2025-10-08 00:39:55,920 - WARNING - Invalid answer '12' in row 6, defaulting to 'a'
2025-10-08 00:39:55,920 - WARNING - Invalid tier 'COPTION_C' in row 6, defaulting to 'C2'
2025-10-08 00:39:55,920 - WARNING - Invalid answer '18' in row 7, defaulting to 'a'
2025-10-08 00:39:55,920 - WARNING - Invalid tier 'COPTION_C' in row 7, defaulting to 'C2'
2025-10-08 00:39:55,920 - WARNING - Invalid answer '1' in row 8, defaulting to 'a'
2025-10-08 00:39:55,920 - WARNING - Invalid tier 'COPTION_A' in row 8, defaulting to 'C2'
2025-10-08 00:39:55,920 - WARNING - Invalid answer '16' in row 9, defaulting to 'a'
2025-10-08 00:39:55,920 - WARNING - Invalid tier 'COPTION_C' in row 9, defaulting to 'C2'
2025-10-08 00:39:55,920 - WARNING - Invalid answer '1/2' in row 10, defaulting to 'a'
2025-10-08 00:39:55,920 - WARNING - Invalid tier 'COPTION_A' in row 10, defaulting to 'C2'
2025-10-08 00:39:55,920 - WARNING - Invalid answer '_5' in row 11, defaulting to 'a'
2025-10-08 00:39:55,920 - WARNING - Invalid tier 'COPTION_B' in row 11, defaulting to 'C2'
2025-10-08 00:39:55,920 - WARNING - Invalid answer '2' in row 12, defaulting to 'a'
2025-10-08 00:39:55,920 - WARNING - Invalid tier 'COPTION_A' in row 12, defaulting to 'C2'
2025-10-08 00:39:55,920 - WARNING - Invalid answer '93' in row 13, defaulting to 'a'
2025-10-08 00:39:55,920 - WARNING - Invalid tier 'COPTION_A' in row 13, defaulting to 'C2'
2025-10-08 00:39:55,920 - WARNING - Invalid answer '65' in row 14, defaulting to 'a'
2025-10-08 00:39:55,920 - WARNING - Invalid tier 'COPTION_A' in row 14, defaulting to 'C2'
2025-10-08 00:39:55,920 - WARNING - Invalid answer '49/64' in row 15, defaulting to 'a'
2025-10-08 00:39:55,920 - WARNING - Invalid tier 'COPTION_A' in row 15, defaulting to 'C2'
2025-10-08 00:39:55,920 - WARNING - Invalid answer '_81' in row 16, defaulting to 'a'
2025-10-08 00:39:55,920 - WARNING - Invalid tier 'COPTION_A' in row 16, defaulting to 'C2'
2025-10-08 00:39:55,920 - WARNING - Invalid answer '340/23' in row 17, defaulting to 'a'
2025-10-08 00:39:55,920 - WARNING - Invalid tier 'COPTION_A' in row 17, defaulting to 'C2'
2025-10-08 00:39:55,920 - WARNING - Invalid answer 'decreasing' in row 18, defaulting to 'a'
2025-10-08 00:39:55,921 - WARNING - Invalid tier 'COPTION_B' in row 18, defaulting to 'C2'
2025-10-08 00:39:55,921 - WARNING - Invalid answer 'a_r' in row 19, defaulting to 'a'
2025-10-08 00:39:55,921 - WARNING - Invalid tier 'COPTION_B' in row 19, defaulting to 'C2'
2025-10-08 00:39:55,921 - WARNING - Invalid answer 'the common ratio is:' in row 21, defaulting to 'a'
2025-10-08 00:39:55,921 - WARNING - Invalid answer '5__' in row 22, defaulting to 'a'
2025-10-08 00:39:55,921 - WARNING - Invalid tier 'C25_' in row 22, defaulting to 'C2'
2025-10-08 00:39:55,921 - WARNING - Invalid answer '5/(2__)' in row 23, defaulting to 'a'
2025-10-08 00:39:55,921 - WARNING - Invalid tier 'C5Á2__/(2_)' in row 23, defaulting to 'C2'
2025-10-08 00:39:55,921 - WARNING - Invalid answer '3072' in row 24, defaulting to 'a'
2025-10-08 00:39:55,921 - WARNING - Invalid tier 'C4096' in row 24, defaulting to 'C2'
2025-10-08 00:39:55,921 - WARNING - Invalid answer '11th' in row 25, defaulting to 'a'
2025-10-08 00:39:55,921 - WARNING - Invalid tier 'C12TH' in row 25, defaulting to 'C2'
2025-10-08 00:39:55,921 - WARNING - Invalid answer '11th' in row 26, defaulting to 'a'
2025-10-08 00:39:55,921 - WARNING - Invalid tier 'C12TH' in row 26, defaulting to 'C2'
2025-10-08 00:39:55,921 - WARNING - Invalid answer '8th' in row 27, defaulting to 'a'
2025-10-08 00:39:55,921 - WARNING - Invalid tier 'C9TH' in row 27, defaulting to 'C2'
2025-10-08 00:39:55,921 - WARNING - Invalid answer '1' in row 28, defaulting to 'a'
2025-10-08 00:39:55,921 - WARNING - Invalid tier 'C_1' in row 28, defaulting to 'C2'
2025-10-08 00:39:55,921 - WARNING - Invalid answer '0' in row 30, defaulting to 'a'
2025-10-08 00:39:55,921 - WARNING - Invalid tier 'COPTION_B' in row 30, defaulting to 'C2'
2025-10-08 00:39:55,921 - WARNING - Invalid answer '10 and 10' in row 33, defaulting to 'a'
2025-10-08 00:39:55,921 - WARNING - Invalid tier 'COPTION_A' in row 33, defaulting to 'C2'
2025-10-08 00:39:55,921 - WARNING - Invalid answer '4' in row 35, defaulting to 'a'
2025-10-08 00:39:55,921 - WARNING - Invalid tier 'C5' in row 35, defaulting to 'C2'
2025-10-08 00:39:55,921 - WARNING - Invalid answer 'ã7(3_/__1)/(ã3_1)' in row 36, defaulting to 'a'
2025-10-08 00:39:55,921 - WARNING - Invalid tier 'C(Ã7)(Ã3)_' in row 36, defaulting to 'C2'
2025-10-08 00:39:55,921 - WARNING - Invalid answer '[1_(_a)_]/(1+a)' in row 37, defaulting to 'a'
2025-10-08 00:39:55,921 - WARNING - Invalid tier 'C(1+A_)/(1+A)' in row 37, defaulting to 'C2'
2025-10-08 00:39:55,921 - WARNING - Invalid answer 'x_(x___1)/(x__1)' in row 38, defaulting to 'a'
2025-10-08 00:39:55,921 - WARNING - Invalid tier 'CBOTH A AND B' in row 38, defaulting to 'C2'
2025-10-08 00:39:55,921 - WARNING - Invalid answer '729' in row 40, defaulting to 'a'
2025-10-08 00:39:55,921 - WARNING - Invalid tier 'COPTION_A' in row 40, defaulting to 'C2'
2025-10-08 00:39:55,921 - WARNING - Invalid answer '(a/b)^(1/(n+1))' in row 42, defaulting to 'a'
2025-10-08 00:39:55,921 - WARNING - Invalid tier 'COPTION_B' in row 42, defaulting to 'C2'
2025-10-08 00:39:55,921 - WARNING - Invalid answer '8' in row 43, defaulting to 'a'
2025-10-08 00:39:55,921 - WARNING - Invalid tier 'C32' in row 43, defaulting to 'C2'
2025-10-08 00:39:55,921 - WARNING - Invalid answer '2048' in row 44, defaulting to 'a'
2025-10-08 00:39:55,921 - WARNING - Invalid tier 'C1023' in row 44, defaulting to 'C2'
2025-10-08 00:39:55,921 - WARNING - Invalid answer '15á2_ bacteria' in row 45, defaulting to 'a'
2025-10-08 00:39:55,921 - WARNING - Invalid tier 'COPTION_A' in row 45, defaulting to 'C2'
2025-10-08 00:39:55,921 - WARNING - Invalid answer 'x_+16x_25=0' in row 47, defaulting to 'a'
2025-10-08 00:39:55,921 - WARNING - Invalid tier 'COPTION_A' in row 47, defaulting to 'C2'
2025-10-08 00:39:55,921 - WARNING - Invalid answer 'a_=a_=2' in row 48, defaulting to 'a'
2025-10-08 00:39:55,921 - WARNING - Invalid tier 'CA_=A____1' in row 48, defaulting to 'C2'
2025-10-08 00:39:55,921 - WARNING - Invalid answer '8' in row 49, defaulting to 'a'
2025-10-08 00:39:55,921 - WARNING - Invalid tier 'C...' in row 49, defaulting to 'C2'
2025-10-08 00:39:55,921 - WARNING - Invalid answer '2079 or 483' in row 52, defaulting to 'a'
2025-10-08 00:39:55,922 - WARNING - Invalid tier 'COPTION_A' in row 52, defaulting to 'C2'
2025-10-08 00:39:55,922 - WARNING - Invalid answer '2' in row 53, defaulting to 'a'
2025-10-08 00:39:55,922 - WARNING - Invalid tier 'C_4' in row 53, defaulting to 'C2'
2025-10-08 00:39:55,922 - WARNING - Invalid answer 'x' in row 54, defaulting to 'a'
2025-10-08 00:39:55,922 - WARNING - Invalid tier 'CY' in row 54, defaulting to 'C2'
2025-10-08 00:39:55,922 - WARNING - Invalid answer '(80/9)(10__1)_(8n/9)' in row 55, defaulting to 'a'
2025-10-08 00:39:55,922 - WARNING - Invalid tier 'C(8/9)(10__1)' in row 55, defaulting to 'C2'
2025-10-08 00:39:55,922 - WARNING - Invalid answer '32' in row 56, defaulting to 'a'
2025-10-08 00:39:55,922 - WARNING - Invalid tier 'C8' in row 56, defaulting to 'C2'
2025-10-08 00:39:55,922 - WARNING - Invalid answer 'ar' in row 57, defaulting to 'a'
2025-10-08 00:39:55,922 - WARNING - Invalid tier 'CAR_' in row 57, defaulting to 'C2'
2025-10-08 00:39:55,922 - WARNING - Invalid answer '_24' in row 58, defaulting to 'a'
2025-10-08 00:39:55,922 - WARNING - Invalid answer 'this is an example of:' in row 63, defaulting to 'a'
2025-10-08 00:39:55,922 - WARNING - Invalid tier 'CFINITE SEQUENCE' in row 63, defaulting to 'C2'
2025-10-08 00:39:55,922 - WARNING - Invalid answer 'n' in row 64, defaulting to 'a'
2025-10-08 00:39:55,922 - WARNING - Invalid tier 'C2N' in row 64, defaulting to 'C2'
2025-10-08 00:39:55,922 - WARNING - Invalid answer '2n' in row 65, defaulting to 'a'
2025-10-08 00:39:55,922 - WARNING - Invalid tier 'CN' in row 65, defaulting to 'C2'
2025-10-08 00:39:55,922 - WARNING - Invalid answer '8' in row 66, defaulting to 'a'
2025-10-08 00:39:55,922 - WARNING - Invalid tier 'C5' in row 66, defaulting to 'C2'
2025-10-08 00:39:55,922 - WARNING - Invalid answer '29' in row 67, defaulting to 'a'
2025-10-08 00:39:55,922 - WARNING - Invalid tier 'C38' in row 67, defaulting to 'C2'
2025-10-08 00:39:55,922 - WARNING - Invalid answer '_2' in row 68, defaulting to 'a'
2025-10-08 00:39:55,922 - WARNING - Invalid answer '2' in row 69, defaulting to 'a'
2025-10-08 00:39:55,922 - WARNING - Invalid answer '62' in row 70, defaulting to 'a'
2025-10-08 00:39:55,922 - WARNING - Invalid tier 'C60' in row 70, defaulting to 'C2'
2025-10-08 00:39:55,922 - WARNING - Invalid answer '_1/3' in row 71, defaulting to 'a'
2025-10-08 00:39:55,922 - WARNING - Invalid tier 'C1/3' in row 71, defaulting to 'C2'
2025-10-08 00:39:55,922 - WARNING - Invalid answer '5' in row 72, defaulting to 'a'
2025-10-08 00:39:55,922 - WARNING - Invalid tier 'COPTION_C' in row 72, defaulting to 'C2'
2025-10-08 00:39:55,922 - WARNING - Invalid answer '±5' in row 73, defaulting to 'a'
2025-10-08 00:39:55,922 - WARNING - Invalid tier 'COPTION_A' in row 73, defaulting to 'C2'
2025-10-08 00:39:55,922 - WARNING - Invalid answer '32' in row 74, defaulting to 'a'
2025-10-08 00:39:55,922 - INFO - ✓ Cleaned sequences_and_series.csv: 74 questions
2025-10-08 00:39:55,923 - INFO - ✓ Saved cleaned: sequences_and_series_cleaned.csv
2025-10-08 00:39:55,923 - INFO -   Original moved to: processed/sequences_and_series_processed_20251008_003955.csv
2025-10-08 00:39:55,923 - INFO -   Questions: 74 | Tiers: C1:5, C2:58, C3:6, C4:5
2025-10-08 00:39:55,923 - INFO - ------------------------------------------------------------
2025-10-08 00:39:55,923 - INFO - ============================================================
2025-10-08 00:39:55,923 - INFO - PROCESSING COMPLETE - SUMMARY
2025-10-08 00:39:55,923 - INFO - ============================================================
2025-10-08 00:39:55,923 - INFO - 📊 Total files processed: 12
2025-10-08 00:39:55,923 - INFO - ✅ Successful: 12
2025-10-08 00:39:55,923 - INFO - ❌ Failed: 0
2025-10-08 00:39:55,923 - INFO - 📝 Total questions cleaned: 976
2025-10-08 00:39:55,923 - INFO - 
📁 Cleaned files saved to: /Users/soms/adaptive-assessment-system/backend/data/sample_questions
2025-10-08 00:39:55,923 - INFO -    - conic_sections_cleaned.csv
2025-10-08 00:39:55,923 - INFO -    - statistics_cleaned.csv
2025-10-08 00:39:55,923 - INFO -    - limits_and_derivatives_cleaned.csv
2025-10-08 00:39:55,923 - INFO -    - binomial_theorem_cleaned.csv
2025-10-08 00:39:55,923 - INFO -    - linear_inequalities_cleaned.csv
2025-10-08 00:39:55,923 - INFO -    - straight_lines_cleaned.csv
2025-10-08 00:39:55,923 - INFO -    - relations_and_functions_cleaned.csv
2025-10-08 00:39:55,923 - INFO -    - permutations_and_combinations_cleaned.csv
2025-10-08 00:39:55,923 - INFO -    - trigonometric_functions_cleaned.csv
2025-10-08 00:39:55,923 - INFO -    - sets_cleaned.csv
2025-10-08 00:39:55,923 - INFO -    - probability_cleaned.csv
2025-10-08 00:39:55,923 - INFO -    - sequences_and_series_cleaned.csv
2025-10-08 00:39:55,923 - INFO - 
📋 Log file: cleaning_log_20251008_003955.log
2025-10-08 00:39:55,923 - INFO - 📂 Full log path: /Users/soms/adaptive-assessment-system/backend/data/logs/cleaning_log_20251008_003955.log
2025-10-08 00:39:55,923 - INFO - ============================================================
